[0324/145831:ERROR:ipc_channel_win.cc(519)] pipe error: 232
[0407/134544:ERROR:tcp_socket_win.cc(335)] bind() returned an error: Normalerweise darf jede Socketadresse (Protokoll, Netzwerkadresse oder Anschluss) nur jeweils einmal verwendet werden. (0x2740)
[0407/134544:ERROR:devtools_http_handler.cc(229)] Cannot start http server for devtools. Stop devtools.
[0407/134557:ERROR:tcp_socket_win.cc(335)] bind() returned an error: Normalerweise darf jede Socketadresse (Protokoll, Netzwerkadresse oder Anschluss) nur jeweils einmal verwendet werden. (0x2740)
[0407/134557:ERROR:devtools_http_handler.cc(229)] Cannot start http server for devtools. Stop devtools.
[0407/134605:ERROR:tcp_socket_win.cc(335)] bind() returned an error: Normalerweise darf jede Socketadresse (Protokoll, Netzwerkadresse oder Anschluss) nur jeweils einmal verwendet werden. (0x2740)
[0407/134605:ERROR:devtools_http_handler.cc(229)] Cannot start http server for devtools. Stop devtools.
[0407/134613:ERROR:tcp_socket_win.cc(335)] bind() returned an error: Normalerweise darf jede Socketadresse (Protokoll, Netzwerkadresse oder Anschluss) nur jeweils einmal verwendet werden. (0x2740)
[0407/134613:ERROR:devtools_http_handler.cc(229)] Cannot start http server for devtools. Stop devtools.
[0407/134621:ERROR:tcp_socket_win.cc(335)] bind() returned an error: Normalerweise darf jede Socketadresse (Protokoll, Netzwerkadresse oder Anschluss) nur jeweils einmal verwendet werden. (0x2740)
[0407/134621:ERROR:devtools_http_handler.cc(229)] Cannot start http server for devtools. Stop devtools.
[0407/134630:ERROR:tcp_socket_win.cc(335)] bind() returned an error: Normalerweise darf jede Socketadresse (Protokoll, Netzwerkadresse oder Anschluss) nur jeweils einmal verwendet werden. (0x2740)
[0407/134630:ERROR:devtools_http_handler.cc(229)] Cannot start http server for devtools. Stop devtools.
[0407/134638:ERROR:tcp_socket_win.cc(335)] bind() returned an error: Normalerweise darf jede Socketadresse (Protokoll, Netzwerkadresse oder Anschluss) nur jeweils einmal verwendet werden. (0x2740)
[0407/134638:ERROR:devtools_http_handler.cc(229)] Cannot start http server for devtools. Stop devtools.
[0407/134645:ERROR:tcp_socket_win.cc(335)] bind() returned an error: Normalerweise darf jede Socketadresse (Protokoll, Netzwerkadresse oder Anschluss) nur jeweils einmal verwendet werden. (0x2740)
[0407/134645:ERROR:devtools_http_handler.cc(229)] Cannot start http server for devtools. Stop devtools.
[0407/134652:ERROR:tcp_socket_win.cc(335)] bind() returned an error: Normalerweise darf jede Socketadresse (Protokoll, Netzwerkadresse oder Anschluss) nur jeweils einmal verwendet werden. (0x2740)
[0407/134652:ERROR:devtools_http_handler.cc(229)] Cannot start http server for devtools. Stop devtools.
[0407/134700:ERROR:tcp_socket_win.cc(335)] bind() returned an error: Normalerweise darf jede Socketadresse (Protokoll, Netzwerkadresse oder Anschluss) nur jeweils einmal verwendet werden. (0x2740)
[0407/134700:ERROR:devtools_http_handler.cc(229)] Cannot start http server for devtools. Stop devtools.
[0407/134708:ERROR:tcp_socket_win.cc(335)] bind() returned an error: Normalerweise darf jede Socketadresse (Protokoll, Netzwerkadresse oder Anschluss) nur jeweils einmal verwendet werden. (0x2740)
[0407/134708:ERROR:devtools_http_handler.cc(229)] Cannot start http server for devtools. Stop devtools.
[0407/134716:ERROR:tcp_socket_win.cc(335)] bind() returned an error: Normalerweise darf jede Socketadresse (Protokoll, Netzwerkadresse oder Anschluss) nur jeweils einmal verwendet werden. (0x2740)
[0407/134716:ERROR:devtools_http_handler.cc(229)] Cannot start http server for devtools. Stop devtools.
[0407/153911:WARNING:dns_config_service_win.cc(665)] Failed to read DnsConfig.
[0407/153916:WARNING:dns_config_service_win.cc(665)] Failed to read DnsConfig.
[0407/153921:WARNING:dns_config_service_win.cc(665)] Failed to read DnsConfig.
[0407/153926:WARNING:dns_config_service_win.cc(665)] Failed to read DnsConfig.
[0407/153931:WARNING:dns_config_service_win.cc(665)] Failed to read DnsConfig.
[0407/153936:WARNING:dns_config_service_win.cc(665)] Failed to read DnsConfig.
[0407/153941:WARNING:dns_config_service_win.cc(665)] Failed to read DnsConfig.
[0407/153946:WARNING:dns_config_service_win.cc(665)] Failed to read DnsConfig.
[0407/153951:WARNING:dns_config_service_win.cc(665)] Failed to read DnsConfig.
[0407/153956:WARNING:dns_config_service_win.cc(665)] Failed to read DnsConfig.
[0407/154001:WARNING:dns_config_service_win.cc(665)] Failed to read DnsConfig.
[0407/154006:WARNING:dns_config_service_win.cc(665)] Failed to read DnsConfig.
[0407/154011:WARNING:dns_config_service_win.cc(665)] Failed to read DnsConfig.
[0407/154016:WARNING:dns_config_service_win.cc(665)] Failed to read DnsConfig.
[0407/154021:WARNING:dns_config_service_win.cc(665)] Failed to read DnsConfig.
[0407/154026:WARNING:dns_config_service_win.cc(665)] Failed to read DnsConfig.
[0407/154031:WARNING:dns_config_service_win.cc(665)] Failed to read DnsConfig.
[0407/154036:WARNING:dns_config_service_win.cc(665)] Failed to read DnsConfig.
[0407/154041:WARNING:dns_config_service_win.cc(665)] Failed to read DnsConfig.
[0407/154046:WARNING:dns_config_service_win.cc(665)] Failed to read DnsConfig.
[0407/154051:WARNING:dns_config_service_win.cc(665)] Failed to read DnsConfig.
[0407/154056:WARNING:dns_config_service_win.cc(665)] Failed to read DnsConfig.
[0407/154101:WARNING:dns_config_service_win.cc(665)] Failed to read DnsConfig.
[0407/154106:WARNING:dns_config_service_win.cc(665)] Failed to read DnsConfig.
[0407/154111:WARNING:dns_config_service_win.cc(665)] Failed to read DnsConfig.
[0407/154116:WARNING:dns_config_service_win.cc(665)] Failed to read DnsConfig.
[0407/154121:WARNING:dns_config_service_win.cc(665)] Failed to read DnsConfig.
[0407/154126:WARNING:dns_config_service_win.cc(665)] Failed to read DnsConfig.
[0407/154131:WARNING:dns_config_service_win.cc(665)] Failed to read DnsConfig.
[0407/154136:WARNING:dns_config_service_win.cc(665)] Failed to read DnsConfig.
[0407/154141:WARNING:dns_config_service_win.cc(665)] Failed to read DnsConfig.
[0407/154146:WARNING:dns_config_service_win.cc(665)] Failed to read DnsConfig.
[0407/154151:WARNING:dns_config_service_win.cc(665)] Failed to read DnsConfig.
[0407/154156:WARNING:dns_config_service_win.cc(665)] Failed to read DnsConfig.
[0407/154201:WARNING:dns_config_service_win.cc(665)] Failed to read DnsConfig.
[0407/154206:WARNING:dns_config_service_win.cc(665)] Failed to read DnsConfig.
[0407/154211:WARNING:dns_config_service_win.cc(665)] Failed to read DnsConfig.
[0407/154216:WARNING:dns_config_service_win.cc(665)] Failed to read DnsConfig.
[0407/154221:WARNING:dns_config_service_win.cc(665)] Failed to read DnsConfig.
[0407/154226:WARNING:dns_config_service_win.cc(665)] Failed to read DnsConfig.
[0407/154231:WARNING:dns_config_service_win.cc(665)] Failed to read DnsConfig.
[0407/154236:WARNING:dns_config_service_win.cc(665)] Failed to read DnsConfig.
[0407/154241:WARNING:dns_config_service_win.cc(665)] Failed to read DnsConfig.
[0407/154246:WARNING:dns_config_service_win.cc(665)] Failed to read DnsConfig.
[0407/154251:WARNING:dns_config_service_win.cc(665)] Failed to read DnsConfig.
[0407/154256:WARNING:dns_config_service_win.cc(665)] Failed to read DnsConfig.
[0407/154301:WARNING:dns_config_service_win.cc(665)] Failed to read DnsConfig.
[0407/154306:WARNING:dns_config_service_win.cc(665)] Failed to read DnsConfig.
[0407/154311:WARNING:dns_config_service_win.cc(665)] Failed to read DnsConfig.
[0407/154316:WARNING:dns_config_service_win.cc(665)] Failed to read DnsConfig.
[0407/154321:WARNING:dns_config_service_win.cc(665)] Failed to read DnsConfig.
[0407/154326:WARNING:dns_config_service_win.cc(665)] Failed to read DnsConfig.
[0407/154331:WARNING:dns_config_service_win.cc(665)] Failed to read DnsConfig.
[0407/154336:WARNING:dns_config_service_win.cc(665)] Failed to read DnsConfig.
[0407/154341:WARNING:dns_config_service_win.cc(665)] Failed to read DnsConfig.
[0407/154346:WARNING:dns_config_service_win.cc(665)] Failed to read DnsConfig.
[0407/154351:WARNING:dns_config_service_win.cc(665)] Failed to read DnsConfig.
[0407/154356:WARNING:dns_config_service_win.cc(665)] Failed to read DnsConfig.
[0407/154401:WARNING:dns_config_service_win.cc(665)] Failed to read DnsConfig.
[0407/154406:WARNING:dns_config_service_win.cc(665)] Failed to read DnsConfig.
[0407/154411:WARNING:dns_config_service_win.cc(665)] Failed to read DnsConfig.
[0407/154416:WARNING:dns_config_service_win.cc(665)] Failed to read DnsConfig.
[0407/154421:WARNING:dns_config_service_win.cc(665)] Failed to read DnsConfig.
[0407/154426:WARNING:dns_config_service_win.cc(665)] Failed to read DnsConfig.
[0407/154431:WARNING:dns_config_service_win.cc(665)] Failed to read DnsConfig.
[0407/154436:WARNING:dns_config_service_win.cc(665)] Failed to read DnsConfig.
[0407/154441:WARNING:dns_config_service_win.cc(665)] Failed to read DnsConfig.
[0407/154446:WARNING:dns_config_service_win.cc(665)] Failed to read DnsConfig.
[0407/154451:WARNING:dns_config_service_win.cc(665)] Failed to read DnsConfig.
[0407/154456:WARNING:dns_config_service_win.cc(665)] Failed to read DnsConfig.
[0407/154501:WARNING:dns_config_service_win.cc(665)] Failed to read DnsConfig.
[0407/154506:WARNING:dns_config_service_win.cc(665)] Failed to read DnsConfig.
[0407/154511:WARNING:dns_config_service_win.cc(665)] Failed to read DnsConfig.
[0407/154516:WARNING:dns_config_service_win.cc(665)] Failed to read DnsConfig.
[0407/154521:WARNING:dns_config_service_win.cc(665)] Failed to read DnsConfig.
[0407/154526:WARNING:dns_config_service_win.cc(665)] Failed to read DnsConfig.
[0407/154531:WARNING:dns_config_service_win.cc(665)] Failed to read DnsConfig.
[0407/154536:WARNING:dns_config_service_win.cc(665)] Failed to read DnsConfig.
[0407/154541:WARNING:dns_config_service_win.cc(665)] Failed to read DnsConfig.
[0407/154546:WARNING:dns_config_service_win.cc(665)] Failed to read DnsConfig.
[0407/154551:WARNING:dns_config_service_win.cc(665)] Failed to read DnsConfig.
[0407/154556:WARNING:dns_config_service_win.cc(665)] Failed to read DnsConfig.
[0407/154601:WARNING:dns_config_service_win.cc(665)] Failed to read DnsConfig.
[0407/154606:WARNING:dns_config_service_win.cc(665)] Failed to read DnsConfig.
[0407/154611:WARNING:dns_config_service_win.cc(665)] Failed to read DnsConfig.
[0407/154616:WARNING:dns_config_service_win.cc(665)] Failed to read DnsConfig.
[0407/154621:WARNING:dns_config_service_win.cc(665)] Failed to read DnsConfig.
[0407/154626:WARNING:dns_config_service_win.cc(665)] Failed to read DnsConfig.
[0407/154631:WARNING:dns_config_service_win.cc(665)] Failed to read DnsConfig.
[0407/154636:WARNING:dns_config_service_win.cc(665)] Failed to read DnsConfig.
[0407/154641:WARNING:dns_config_service_win.cc(665)] Failed to read DnsConfig.
[0407/154646:WARNING:dns_config_service_win.cc(665)] Failed to read DnsConfig.
[0407/154651:WARNING:dns_config_service_win.cc(665)] Failed to read DnsConfig.
[0407/154656:WARNING:dns_config_service_win.cc(665)] Failed to read DnsConfig.
[0407/154701:WARNING:dns_config_service_win.cc(665)] Failed to read DnsConfig.
[0407/154706:WARNING:dns_config_service_win.cc(665)] Failed to read DnsConfig.
[0407/154711:WARNING:dns_config_service_win.cc(665)] Failed to read DnsConfig.
[0407/154716:WARNING:dns_config_service_win.cc(665)] Failed to read DnsConfig.
[0407/154721:WARNING:dns_config_service_win.cc(665)] Failed to read DnsConfig.
[0407/154726:WARNING:dns_config_service_win.cc(665)] Failed to read DnsConfig.
[0407/154731:WARNING:dns_config_service_win.cc(665)] Failed to read DnsConfig.
[0407/154736:WARNING:dns_config_service_win.cc(665)] Failed to read DnsConfig.
[0407/154741:WARNING:dns_config_service_win.cc(665)] Failed to read DnsConfig.
[0407/154746:WARNING:dns_config_service_win.cc(665)] Failed to read DnsConfig.
[0407/154751:WARNING:dns_config_service_win.cc(665)] Failed to read DnsConfig.
[0407/154756:WARNING:dns_config_service_win.cc(665)] Failed to read DnsConfig.
[0407/154801:WARNING:dns_config_service_win.cc(665)] Failed to read DnsConfig.
[0407/154806:WARNING:dns_config_service_win.cc(665)] Failed to read DnsConfig.
[0407/154811:WARNING:dns_config_service_win.cc(665)] Failed to read DnsConfig.
[0407/154816:WARNING:dns_config_service_win.cc(665)] Failed to read DnsConfig.
[0407/154821:WARNING:dns_config_service_win.cc(665)] Failed to read DnsConfig.
[0407/154826:WARNING:dns_config_service_win.cc(665)] Failed to read DnsConfig.
[0407/154831:WARNING:dns_config_service_win.cc(665)] Failed to read DnsConfig.
[0407/154836:WARNING:dns_config_service_win.cc(665)] Failed to read DnsConfig.
[0407/154841:WARNING:dns_config_service_win.cc(665)] Failed to read DnsConfig.
[0407/154846:WARNING:dns_config_service_win.cc(665)] Failed to read DnsConfig.
[0407/154851:WARNING:dns_config_service_win.cc(665)] Failed to read DnsConfig.
[0407/154856:WARNING:dns_config_service_win.cc(665)] Failed to read DnsConfig.
[0407/154901:WARNING:dns_config_service_win.cc(665)] Failed to read DnsConfig.
[0407/154906:WARNING:dns_config_service_win.cc(665)] Failed to read DnsConfig.
[0407/154911:WARNING:dns_config_service_win.cc(665)] Failed to read DnsConfig.
[0407/154916:WARNING:dns_config_service_win.cc(665)] Failed to read DnsConfig.
[0407/154921:WARNING:dns_config_service_win.cc(665)] Failed to read DnsConfig.
[0407/154926:WARNING:dns_config_service_win.cc(665)] Failed to read DnsConfig.
[0407/154931:WARNING:dns_config_service_win.cc(665)] Failed to read DnsConfig.
[0407/154936:WARNING:dns_config_service_win.cc(665)] Failed to read DnsConfig.
[0407/154941:WARNING:dns_config_service_win.cc(665)] Failed to read DnsConfig.
[0407/154946:WARNING:dns_config_service_win.cc(665)] Failed to read DnsConfig.
[0407/154951:WARNING:dns_config_service_win.cc(665)] Failed to read DnsConfig.
[0407/154956:WARNING:dns_config_service_win.cc(665)] Failed to read DnsConfig.
[0407/155001:WARNING:dns_config_service_win.cc(665)] Failed to read DnsConfig.
[0407/155006:WARNING:dns_config_service_win.cc(665)] Failed to read DnsConfig.
[0407/155011:WARNING:dns_config_service_win.cc(665)] Failed to read DnsConfig.
[0407/155016:WARNING:dns_config_service_win.cc(665)] Failed to read DnsConfig.
[0407/155021:WARNING:dns_config_service_win.cc(665)] Failed to read DnsConfig.
[0407/155026:WARNING:dns_config_service_win.cc(665)] Failed to read DnsConfig.
[0407/155031:WARNING:dns_config_service_win.cc(665)] Failed to read DnsConfig.
[0407/155036:WARNING:dns_config_service_win.cc(665)] Failed to read DnsConfig.
[0407/155041:WARNING:dns_config_service_win.cc(665)] Failed to read DnsConfig.
[0407/155046:WARNING:dns_config_service_win.cc(665)] Failed to read DnsConfig.
[0407/155051:WARNING:dns_config_service_win.cc(665)] Failed to read DnsConfig.
[0407/155056:WARNING:dns_config_service_win.cc(665)] Failed to read DnsConfig.
[0407/155101:WARNING:dns_config_service_win.cc(665)] Failed to read DnsConfig.
[0407/155106:WARNING:dns_config_service_win.cc(665)] Failed to read DnsConfig.
[0407/155111:WARNING:dns_config_service_win.cc(665)] Failed to read DnsConfig.
[0407/155116:WARNING:dns_config_service_win.cc(665)] Failed to read DnsConfig.
[0407/155121:WARNING:dns_config_service_win.cc(665)] Failed to read DnsConfig.
[0407/155126:WARNING:dns_config_service_win.cc(665)] Failed to read DnsConfig.
[0407/155131:WARNING:dns_config_service_win.cc(665)] Failed to read DnsConfig.
[0407/155136:WARNING:dns_config_service_win.cc(665)] Failed to read DnsConfig.
[0407/155141:WARNING:dns_config_service_win.cc(665)] Failed to read DnsConfig.
[0407/155146:WARNING:dns_config_service_win.cc(665)] Failed to read DnsConfig.
[0407/155151:WARNING:dns_config_service_win.cc(665)] Failed to read DnsConfig.
[0407/155156:WARNING:dns_config_service_win.cc(665)] Failed to read DnsConfig.
[0407/155201:WARNING:dns_config_service_win.cc(665)] Failed to read DnsConfig.
[0407/155206:WARNING:dns_config_service_win.cc(665)] Failed to read DnsConfig.
[0407/155211:WARNING:dns_config_service_win.cc(665)] Failed to read DnsConfig.
[0407/155216:WARNING:dns_config_service_win.cc(665)] Failed to read DnsConfig.
[0407/155221:WARNING:dns_config_service_win.cc(665)] Failed to read DnsConfig.
[0407/155226:WARNING:dns_config_service_win.cc(665)] Failed to read DnsConfig.
[0407/155231:WARNING:dns_config_service_win.cc(665)] Failed to read DnsConfig.
[0407/155236:WARNING:dns_config_service_win.cc(665)] Failed to read DnsConfig.
[0407/155241:WARNING:dns_config_service_win.cc(665)] Failed to read DnsConfig.
[0407/155246:WARNING:dns_config_service_win.cc(665)] Failed to read DnsConfig.
[0407/155251:WARNING:dns_config_service_win.cc(665)] Failed to read DnsConfig.
[0407/155256:WARNING:dns_config_service_win.cc(665)] Failed to read DnsConfig.
[0407/155301:WARNING:dns_config_service_win.cc(665)] Failed to read DnsConfig.
[0407/155306:WARNING:dns_config_service_win.cc(665)] Failed to read DnsConfig.
[0407/155311:WARNING:dns_config_service_win.cc(665)] Failed to read DnsConfig.
[0407/155316:WARNING:dns_config_service_win.cc(665)] Failed to read DnsConfig.
[0407/155321:WARNING:dns_config_service_win.cc(665)] Failed to read DnsConfig.
[0407/155326:WARNING:dns_config_service_win.cc(665)] Failed to read DnsConfig.
[0407/155331:WARNING:dns_config_service_win.cc(665)] Failed to read DnsConfig.
[0407/155336:WARNING:dns_config_service_win.cc(665)] Failed to read DnsConfig.
[0407/155341:WARNING:dns_config_service_win.cc(665)] Failed to read DnsConfig.
[0407/155346:WARNING:dns_config_service_win.cc(665)] Failed to read DnsConfig.
[0407/155351:WARNING:dns_config_service_win.cc(665)] Failed to read DnsConfig.
[0407/155356:WARNING:dns_config_service_win.cc(665)] Failed to read DnsConfig.
[0407/155402:WARNING:dns_config_service_win.cc(665)] Failed to read DnsConfig.
[0407/155407:WARNING:dns_config_service_win.cc(665)] Failed to read DnsConfig.
[0407/155412:WARNING:dns_config_service_win.cc(665)] Failed to read DnsConfig.
[0407/155417:WARNING:dns_config_service_win.cc(665)] Failed to read DnsConfig.
[0407/155422:WARNING:dns_config_service_win.cc(665)] Failed to read DnsConfig.
[0407/155427:WARNING:dns_config_service_win.cc(665)] Failed to read DnsConfig.
[0407/155432:WARNING:dns_config_service_win.cc(665)] Failed to read DnsConfig.
[0407/155437:WARNING:dns_config_service_win.cc(665)] Failed to read DnsConfig.
[0407/155442:WARNING:dns_config_service_win.cc(665)] Failed to read DnsConfig.
[0407/155447:WARNING:dns_config_service_win.cc(665)] Failed to read DnsConfig.
[0407/155452:WARNING:dns_config_service_win.cc(665)] Failed to read DnsConfig.
[0407/155457:WARNING:dns_config_service_win.cc(665)] Failed to read DnsConfig.
[0407/155502:WARNING:dns_config_service_win.cc(665)] Failed to read DnsConfig.
[0407/155507:WARNING:dns_config_service_win.cc(665)] Failed to read DnsConfig.
[0407/155512:WARNING:dns_config_service_win.cc(665)] Failed to read DnsConfig.
[0407/155517:WARNING:dns_config_service_win.cc(665)] Failed to read DnsConfig.
[0407/155522:WARNING:dns_config_service_win.cc(665)] Failed to read DnsConfig.
[0407/155527:WARNING:dns_config_service_win.cc(665)] Failed to read DnsConfig.
[0407/155532:WARNING:dns_config_service_win.cc(665)] Failed to read DnsConfig.
[0407/155537:WARNING:dns_config_service_win.cc(665)] Failed to read DnsConfig.
[0407/155542:WARNING:dns_config_service_win.cc(665)] Failed to read DnsConfig.
[0407/155547:WARNING:dns_config_service_win.cc(665)] Failed to read DnsConfig.
[0407/155552:WARNING:dns_config_service_win.cc(665)] Failed to read DnsConfig.
[0407/155557:WARNING:dns_config_service_win.cc(665)] Failed to read DnsConfig.
[0407/155602:WARNING:dns_config_service_win.cc(665)] Failed to read DnsConfig.
[0407/155607:WARNING:dns_config_service_win.cc(665)] Failed to read DnsConfig.
[0407/155612:WARNING:dns_config_service_win.cc(665)] Failed to read DnsConfig.
[0407/155617:WARNING:dns_config_service_win.cc(665)] Failed to read DnsConfig.
[0407/155622:WARNING:dns_config_service_win.cc(665)] Failed to read DnsConfig.
[0407/155627:WARNING:dns_config_service_win.cc(665)] Failed to read DnsConfig.
[0407/155632:WARNING:dns_config_service_win.cc(665)] Failed to read DnsConfig.
[0407/155637:WARNING:dns_config_service_win.cc(665)] Failed to read DnsConfig.
[0407/155642:WARNING:dns_config_service_win.cc(665)] Failed to read DnsConfig.
[0407/155647:WARNING:dns_config_service_win.cc(665)] Failed to read DnsConfig.
[0407/155652:WARNING:dns_config_service_win.cc(665)] Failed to read DnsConfig.
[0407/155657:WARNING:dns_config_service_win.cc(665)] Failed to read DnsConfig.
[0407/155702:WARNING:dns_config_service_win.cc(665)] Failed to read DnsConfig.
[0407/155707:WARNING:dns_config_service_win.cc(665)] Failed to read DnsConfig.
[0407/155712:WARNING:dns_config_service_win.cc(665)] Failed to read DnsConfig.
[0407/155717:WARNING:dns_config_service_win.cc(665)] Failed to read DnsConfig.
[0407/155722:WARNING:dns_config_service_win.cc(665)] Failed to read DnsConfig.
[0407/155727:WARNING:dns_config_service_win.cc(665)] Failed to read DnsConfig.
[0407/155732:WARNING:dns_config_service_win.cc(665)] Failed to read DnsConfig.
[0407/155737:WARNING:dns_config_service_win.cc(665)] Failed to read DnsConfig.
[0407/155742:WARNING:dns_config_service_win.cc(665)] Failed to read DnsConfig.
[0407/155747:WARNING:dns_config_service_win.cc(665)] Failed to read DnsConfig.
[0407/155752:WARNING:dns_config_service_win.cc(665)] Failed to read DnsConfig.
[0407/155757:WARNING:dns_config_service_win.cc(665)] Failed to read DnsConfig.
[0407/155802:WARNING:dns_config_service_win.cc(665)] Failed to read DnsConfig.
[0407/155807:WARNING:dns_config_service_win.cc(665)] Failed to read DnsConfig.
[0407/155812:WARNING:dns_config_service_win.cc(665)] Failed to read DnsConfig.
[0407/155817:WARNING:dns_config_service_win.cc(665)] Failed to read DnsConfig.
[0407/155822:WARNING:dns_config_service_win.cc(665)] Failed to read DnsConfig.
[0407/155827:WARNING:dns_config_service_win.cc(665)] Failed to read DnsConfig.
[0407/155832:WARNING:dns_config_service_win.cc(665)] Failed to read DnsConfig.
[0407/155837:WARNING:dns_config_service_win.cc(665)] Failed to read DnsConfig.
[0407/155842:WARNING:dns_config_service_win.cc(665)] Failed to read DnsConfig.
[0407/155847:WARNING:dns_config_service_win.cc(665)] Failed to read DnsConfig.
[0407/155852:WARNING:dns_config_service_win.cc(665)] Failed to read DnsConfig.
[0407/155857:WARNING:dns_config_service_win.cc(665)] Failed to read DnsConfig.
[0407/155902:WARNING:dns_config_service_win.cc(665)] Failed to read DnsConfig.
[0407/155907:WARNING:dns_config_service_win.cc(665)] Failed to read DnsConfig.
[0407/155912:WARNING:dns_config_service_win.cc(665)] Failed to read DnsConfig.
[0407/155917:WARNING:dns_config_service_win.cc(665)] Failed to read DnsConfig.
[0407/155922:WARNING:dns_config_service_win.cc(665)] Failed to read DnsConfig.
[0407/155927:WARNING:dns_config_service_win.cc(665)] Failed to read DnsConfig.
[0407/155932:WARNING:dns_config_service_win.cc(665)] Failed to read DnsConfig.
[0407/155937:WARNING:dns_config_service_win.cc(665)] Failed to read DnsConfig.
[0407/155942:WARNING:dns_config_service_win.cc(665)] Failed to read DnsConfig.
[0407/155947:WARNING:dns_config_service_win.cc(665)] Failed to read DnsConfig.
[0407/155952:WARNING:dns_config_service_win.cc(665)] Failed to read DnsConfig.
[0407/155957:WARNING:dns_config_service_win.cc(665)] Failed to read DnsConfig.
[0407/160002:WARNING:dns_config_service_win.cc(665)] Failed to read DnsConfig.
[0407/160007:WARNING:dns_config_service_win.cc(665)] Failed to read DnsConfig.
[0407/160012:WARNING:dns_config_service_win.cc(665)] Failed to read DnsConfig.
[0407/160017:WARNING:dns_config_service_win.cc(665)] Failed to read DnsConfig.
[0407/160022:WARNING:dns_config_service_win.cc(665)] Failed to read DnsConfig.
[0407/160027:WARNING:dns_config_service_win.cc(665)] Failed to read DnsConfig.
[0407/160032:WARNING:dns_config_service_win.cc(665)] Failed to read DnsConfig.
[0407/160037:WARNING:dns_config_service_win.cc(665)] Failed to read DnsConfig.
[0407/160042:WARNING:dns_config_service_win.cc(665)] Failed to read DnsConfig.
[0407/160047:WARNING:dns_config_service_win.cc(665)] Failed to read DnsConfig.
[0407/160052:WARNING:dns_config_service_win.cc(665)] Failed to read DnsConfig.
[0407/160057:WARNING:dns_config_service_win.cc(665)] Failed to read DnsConfig.
[0407/160102:WARNING:dns_config_service_win.cc(665)] Failed to read DnsConfig.
[0407/160107:WARNING:dns_config_service_win.cc(665)] Failed to read DnsConfig.
[0407/160112:WARNING:dns_config_service_win.cc(665)] Failed to read DnsConfig.
[0407/160117:WARNING:dns_config_service_win.cc(665)] Failed to read DnsConfig.
[0407/160122:WARNING:dns_config_service_win.cc(665)] Failed to read DnsConfig.
[0407/160127:WARNING:dns_config_service_win.cc(665)] Failed to read DnsConfig.
[0407/160132:WARNING:dns_config_service_win.cc(665)] Failed to read DnsConfig.
[0407/160137:WARNING:dns_config_service_win.cc(665)] Failed to read DnsConfig.
[0407/160142:WARNING:dns_config_service_win.cc(665)] Failed to read DnsConfig.
[0407/160147:WARNING:dns_config_service_win.cc(665)] Failed to read DnsConfig.
[0407/160152:WARNING:dns_config_service_win.cc(665)] Failed to read DnsConfig.
[0407/160157:WARNING:dns_config_service_win.cc(665)] Failed to read DnsConfig.
[0407/160202:WARNING:dns_config_service_win.cc(665)] Failed to read DnsConfig.
[0407/160207:WARNING:dns_config_service_win.cc(665)] Failed to read DnsConfig.
[0407/160212:WARNING:dns_config_service_win.cc(665)] Failed to read DnsConfig.
[0407/160217:WARNING:dns_config_service_win.cc(665)] Failed to read DnsConfig.
[0407/160222:WARNING:dns_config_service_win.cc(665)] Failed to read DnsConfig.
[0407/160227:WARNING:dns_config_service_win.cc(665)] Failed to read DnsConfig.
[0407/160232:WARNING:dns_config_service_win.cc(665)] Failed to read DnsConfig.
[0407/160237:WARNING:dns_config_service_win.cc(665)] Failed to read DnsConfig.
[0407/160242:WARNING:dns_config_service_win.cc(665)] Failed to read DnsConfig.
[0407/160247:WARNING:dns_config_service_win.cc(665)] Failed to read DnsConfig.
[0407/160252:WARNING:dns_config_service_win.cc(665)] Failed to read DnsConfig.
[0407/160257:WARNING:dns_config_service_win.cc(665)] Failed to read DnsConfig.
[0407/160302:WARNING:dns_config_service_win.cc(665)] Failed to read DnsConfig.
[0407/160307:WARNING:dns_config_service_win.cc(665)] Failed to read DnsConfig.
[0407/160312:WARNING:dns_config_service_win.cc(665)] Failed to read DnsConfig.
[0407/160317:WARNING:dns_config_service_win.cc(665)] Failed to read DnsConfig.
[0407/160322:WARNING:dns_config_service_win.cc(665)] Failed to read DnsConfig.
[0407/160327:WARNING:dns_config_service_win.cc(665)] Failed to read DnsConfig.
[0407/160332:WARNING:dns_config_service_win.cc(665)] Failed to read DnsConfig.
[0407/160337:WARNING:dns_config_service_win.cc(665)] Failed to read DnsConfig.
[0407/160342:WARNING:dns_config_service_win.cc(665)] Failed to read DnsConfig.
[0407/160347:WARNING:dns_config_service_win.cc(665)] Failed to read DnsConfig.
[0407/160352:WARNING:dns_config_service_win.cc(665)] Failed to read DnsConfig.
[0407/160357:WARNING:dns_config_service_win.cc(665)] Failed to read DnsConfig.
[0407/160402:WARNING:dns_config_service_win.cc(665)] Failed to read DnsConfig.
[0407/160407:WARNING:dns_config_service_win.cc(665)] Failed to read DnsConfig.
[0407/160412:WARNING:dns_config_service_win.cc(665)] Failed to read DnsConfig.
[0407/160417:WARNING:dns_config_service_win.cc(665)] Failed to read DnsConfig.
[0407/160422:WARNING:dns_config_service_win.cc(665)] Failed to read DnsConfig.
[0407/160427:WARNING:dns_config_service_win.cc(665)] Failed to read DnsConfig.
[0407/160432:WARNING:dns_config_service_win.cc(665)] Failed to read DnsConfig.
[0407/160437:WARNING:dns_config_service_win.cc(665)] Failed to read DnsConfig.
[0407/160442:WARNING:dns_config_service_win.cc(665)] Failed to read DnsConfig.
[0407/160447:WARNING:dns_config_service_win.cc(665)] Failed to read DnsConfig.
[0407/160452:WARNING:dns_config_service_win.cc(665)] Failed to read DnsConfig.
[0407/160457:WARNING:dns_config_service_win.cc(665)] Failed to read DnsConfig.
[0407/160502:WARNING:dns_config_service_win.cc(665)] Failed to read DnsConfig.
[0407/160507:WARNING:dns_config_service_win.cc(665)] Failed to read DnsConfig.
[0407/160512:WARNING:dns_config_service_win.cc(665)] Failed to read DnsConfig.
[0407/160517:WARNING:dns_config_service_win.cc(665)] Failed to read DnsConfig.
[0407/160522:WARNING:dns_config_service_win.cc(665)] Failed to read DnsConfig.
[0407/160527:WARNING:dns_config_service_win.cc(665)] Failed to read DnsConfig.
[0407/160532:WARNING:dns_config_service_win.cc(665)] Failed to read DnsConfig.
[0407/160537:WARNING:dns_config_service_win.cc(665)] Failed to read DnsConfig.
[0407/160542:WARNING:dns_config_service_win.cc(665)] Failed to read DnsConfig.
[0407/160547:WARNING:dns_config_service_win.cc(665)] Failed to read DnsConfig.
[0407/160552:WARNING:dns_config_service_win.cc(665)] Failed to read DnsConfig.
[0407/160557:WARNING:dns_config_service_win.cc(665)] Failed to read DnsConfig.
[0407/160602:WARNING:dns_config_service_win.cc(665)] Failed to read DnsConfig.
[0407/160607:WARNING:dns_config_service_win.cc(665)] Failed to read DnsConfig.
[0407/160612:WARNING:dns_config_service_win.cc(665)] Failed to read DnsConfig.
[0407/160617:WARNING:dns_config_service_win.cc(665)] Failed to read DnsConfig.
[0407/160622:WARNING:dns_config_service_win.cc(665)] Failed to read DnsConfig.
[0407/160627:WARNING:dns_config_service_win.cc(665)] Failed to read DnsConfig.
[0407/160632:WARNING:dns_config_service_win.cc(665)] Failed to read DnsConfig.
[0407/160637:WARNING:dns_config_service_win.cc(665)] Failed to read DnsConfig.
[0407/160642:WARNING:dns_config_service_win.cc(665)] Failed to read DnsConfig.
[0407/160647:WARNING:dns_config_service_win.cc(665)] Failed to read DnsConfig.
[0407/160652:WARNING:dns_config_service_win.cc(665)] Failed to read DnsConfig.
[0407/160657:WARNING:dns_config_service_win.cc(665)] Failed to read DnsConfig.
[0407/160702:WARNING:dns_config_service_win.cc(665)] Failed to read DnsConfig.
[0407/160707:WARNING:dns_config_service_win.cc(665)] Failed to read DnsConfig.
[0407/160712:WARNING:dns_config_service_win.cc(665)] Failed to read DnsConfig.
[0407/160717:WARNING:dns_config_service_win.cc(665)] Failed to read DnsConfig.
[0407/160722:WARNING:dns_config_service_win.cc(665)] Failed to read DnsConfig.
[0407/160727:WARNING:dns_config_service_win.cc(665)] Failed to read DnsConfig.
[0407/160732:WARNING:dns_config_service_win.cc(665)] Failed to read DnsConfig.
[0407/160737:WARNING:dns_config_service_win.cc(665)] Failed to read DnsConfig.
[0407/160742:WARNING:dns_config_service_win.cc(665)] Failed to read DnsConfig.
[0407/160747:WARNING:dns_config_service_win.cc(665)] Failed to read DnsConfig.
[0407/160752:WARNING:dns_config_service_win.cc(665)] Failed to read DnsConfig.
[0407/160757:WARNING:dns_config_service_win.cc(665)] Failed to read DnsConfig.
[0407/160802:WARNING:dns_config_service_win.cc(665)] Failed to read DnsConfig.
[0407/160807:WARNING:dns_config_service_win.cc(665)] Failed to read DnsConfig.
[0407/160812:WARNING:dns_config_service_win.cc(665)] Failed to read DnsConfig.
[0407/160817:WARNING:dns_config_service_win.cc(665)] Failed to read DnsConfig.
[0407/160822:WARNING:dns_config_service_win.cc(665)] Failed to read DnsConfig.
[0407/160827:WARNING:dns_config_service_win.cc(665)] Failed to read DnsConfig.
[0407/160832:WARNING:dns_config_service_win.cc(665)] Failed to read DnsConfig.
[0407/160837:WARNING:dns_config_service_win.cc(665)] Failed to read DnsConfig.
[0407/160842:WARNING:dns_config_service_win.cc(665)] Failed to read DnsConfig.
[0407/160847:WARNING:dns_config_service_win.cc(665)] Failed to read DnsConfig.
[0407/160852:WARNING:dns_config_service_win.cc(665)] Failed to read DnsConfig.
[0407/160857:WARNING:dns_config_service_win.cc(665)] Failed to read DnsConfig.
[0407/160902:WARNING:dns_config_service_win.cc(665)] Failed to read DnsConfig.
[0407/160907:WARNING:dns_config_service_win.cc(665)] Failed to read DnsConfig.
[0407/160912:WARNING:dns_config_service_win.cc(665)] Failed to read DnsConfig.
[0407/160917:WARNING:dns_config_service_win.cc(665)] Failed to read DnsConfig.
[0407/160922:WARNING:dns_config_service_win.cc(665)] Failed to read DnsConfig.
[0407/160927:WARNING:dns_config_service_win.cc(665)] Failed to read DnsConfig.
[0407/160932:WARNING:dns_config_service_win.cc(665)] Failed to read DnsConfig.
[0407/160937:WARNING:dns_config_service_win.cc(665)] Failed to read DnsConfig.
[0407/160942:WARNING:dns_config_service_win.cc(665)] Failed to read DnsConfig.
[0407/160947:WARNING:dns_config_service_win.cc(665)] Failed to read DnsConfig.
[0407/160952:WARNING:dns_config_service_win.cc(665)] Failed to read DnsConfig.
[0407/160957:WARNING:dns_config_service_win.cc(665)] Failed to read DnsConfig.
[0407/161002:WARNING:dns_config_service_win.cc(665)] Failed to read DnsConfig.
[0407/161007:WARNING:dns_config_service_win.cc(665)] Failed to read DnsConfig.
[0407/161012:WARNING:dns_config_service_win.cc(665)] Failed to read DnsConfig.
[0407/161017:WARNING:dns_config_service_win.cc(665)] Failed to read DnsConfig.
[0407/161022:WARNING:dns_config_service_win.cc(665)] Failed to read DnsConfig.
[0407/161027:WARNING:dns_config_service_win.cc(665)] Failed to read DnsConfig.
[0407/161032:WARNING:dns_config_service_win.cc(665)] Failed to read DnsConfig.
[0407/161037:WARNING:dns_config_service_win.cc(665)] Failed to read DnsConfig.
[0407/161042:WARNING:dns_config_service_win.cc(665)] Failed to read DnsConfig.
[0407/161047:WARNING:dns_config_service_win.cc(665)] Failed to read DnsConfig.
[0407/161052:WARNING:dns_config_service_win.cc(665)] Failed to read DnsConfig.
[0407/161057:WARNING:dns_config_service_win.cc(665)] Failed to read DnsConfig.
[0407/161102:WARNING:dns_config_service_win.cc(665)] Failed to read DnsConfig.
[0407/161107:WARNING:dns_config_service_win.cc(665)] Failed to read DnsConfig.
[0407/161112:WARNING:dns_config_service_win.cc(665)] Failed to read DnsConfig.
[0407/161117:WARNING:dns_config_service_win.cc(665)] Failed to read DnsConfig.
[0407/161122:WARNING:dns_config_service_win.cc(665)] Failed to read DnsConfig.
[0407/161127:WARNING:dns_config_service_win.cc(665)] Failed to read DnsConfig.
[0407/161132:WARNING:dns_config_service_win.cc(665)] Failed to read DnsConfig.
[0407/161137:WARNING:dns_config_service_win.cc(665)] Failed to read DnsConfig.
[0407/161142:WARNING:dns_config_service_win.cc(665)] Failed to read DnsConfig.
[0407/161147:WARNING:dns_config_service_win.cc(665)] Failed to read DnsConfig.
[0407/161152:WARNING:dns_config_service_win.cc(665)] Failed to read DnsConfig.
[0407/161157:WARNING:dns_config_service_win.cc(665)] Failed to read DnsConfig.
[0407/161202:WARNING:dns_config_service_win.cc(665)] Failed to read DnsConfig.
[0407/161207:WARNING:dns_config_service_win.cc(665)] Failed to read DnsConfig.
[0407/161212:WARNING:dns_config_service_win.cc(665)] Failed to read DnsConfig.
[0407/161217:WARNING:dns_config_service_win.cc(665)] Failed to read DnsConfig.
[0407/161222:WARNING:dns_config_service_win.cc(665)] Failed to read DnsConfig.
[0407/161227:WARNING:dns_config_service_win.cc(665)] Failed to read DnsConfig.
[0407/161232:WARNING:dns_config_service_win.cc(665)] Failed to read DnsConfig.
[0407/161237:WARNING:dns_config_service_win.cc(665)] Failed to read DnsConfig.
[0407/161242:WARNING:dns_config_service_win.cc(665)] Failed to read DnsConfig.
[0407/161247:WARNING:dns_config_service_win.cc(665)] Failed to read DnsConfig.
[0407/161252:WARNING:dns_config_service_win.cc(665)] Failed to read DnsConfig.
[0407/161257:WARNING:dns_config_service_win.cc(665)] Failed to read DnsConfig.
[0407/161302:WARNING:dns_config_service_win.cc(665)] Failed to read DnsConfig.
[0407/161308:WARNING:dns_config_service_win.cc(665)] Failed to read DnsConfig.
[0407/161313:WARNING:dns_config_service_win.cc(665)] Failed to read DnsConfig.
[0407/161318:WARNING:dns_config_service_win.cc(665)] Failed to read DnsConfig.
[0407/161323:WARNING:dns_config_service_win.cc(665)] Failed to read DnsConfig.
[0407/161328:WARNING:dns_config_service_win.cc(665)] Failed to read DnsConfig.
[0407/161333:WARNING:dns_config_service_win.cc(665)] Failed to read DnsConfig.
[0407/161338:WARNING:dns_config_service_win.cc(665)] Failed to read DnsConfig.
[0407/161343:WARNING:dns_config_service_win.cc(665)] Failed to read DnsConfig.
[0407/161348:WARNING:dns_config_service_win.cc(665)] Failed to read DnsConfig.
[0407/161353:WARNING:dns_config_service_win.cc(665)] Failed to read DnsConfig.
[0407/161358:WARNING:dns_config_service_win.cc(665)] Failed to read DnsConfig.
[0407/161403:WARNING:dns_config_service_win.cc(665)] Failed to read DnsConfig.
[0407/161408:WARNING:dns_config_service_win.cc(665)] Failed to read DnsConfig.
[0407/161413:WARNING:dns_config_service_win.cc(665)] Failed to read DnsConfig.
[0407/161418:WARNING:dns_config_service_win.cc(665)] Failed to read DnsConfig.
[0407/161423:WARNING:dns_config_service_win.cc(665)] Failed to read DnsConfig.
[0407/161428:WARNING:dns_config_service_win.cc(665)] Failed to read DnsConfig.
[0407/161433:WARNING:dns_config_service_win.cc(665)] Failed to read DnsConfig.
[0407/161438:WARNING:dns_config_service_win.cc(665)] Failed to read DnsConfig.
[0407/161443:WARNING:dns_config_service_win.cc(665)] Failed to read DnsConfig.
[0407/161448:WARNING:dns_config_service_win.cc(665)] Failed to read DnsConfig.
[0407/161453:WARNING:dns_config_service_win.cc(665)] Failed to read DnsConfig.
[0407/161458:WARNING:dns_config_service_win.cc(665)] Failed to read DnsConfig.
[0407/161503:WARNING:dns_config_service_win.cc(665)] Failed to read DnsConfig.
[0407/161508:WARNING:dns_config_service_win.cc(665)] Failed to read DnsConfig.
[0407/161513:WARNING:dns_config_service_win.cc(665)] Failed to read DnsConfig.
[0407/161518:WARNING:dns_config_service_win.cc(665)] Failed to read DnsConfig.
[0407/161523:WARNING:dns_config_service_win.cc(665)] Failed to read DnsConfig.
[0407/161528:WARNING:dns_config_service_win.cc(665)] Failed to read DnsConfig.
[0407/161533:WARNING:dns_config_service_win.cc(665)] Failed to read DnsConfig.
[0407/161538:WARNING:dns_config_service_win.cc(665)] Failed to read DnsConfig.
[0407/161543:WARNING:dns_config_service_win.cc(665)] Failed to read DnsConfig.
[0407/161548:WARNING:dns_config_service_win.cc(665)] Failed to read DnsConfig.
[0407/161553:WARNING:dns_config_service_win.cc(665)] Failed to read DnsConfig.
[0407/161558:WARNING:dns_config_service_win.cc(665)] Failed to read DnsConfig.
[0407/161603:WARNING:dns_config_service_win.cc(665)] Failed to read DnsConfig.
[0407/161608:WARNING:dns_config_service_win.cc(665)] Failed to read DnsConfig.
[0407/161613:WARNING:dns_config_service_win.cc(665)] Failed to read DnsConfig.
[0407/161618:WARNING:dns_config_service_win.cc(665)] Failed to read DnsConfig.
[0407/161623:WARNING:dns_config_service_win.cc(665)] Failed to read DnsConfig.
[0407/161628:WARNING:dns_config_service_win.cc(665)] Failed to read DnsConfig.
[0407/161633:WARNING:dns_config_service_win.cc(665)] Failed to read DnsConfig.
[0407/161638:WARNING:dns_config_service_win.cc(665)] Failed to read DnsConfig.
[0407/161643:WARNING:dns_config_service_win.cc(665)] Failed to read DnsConfig.
[0407/161648:WARNING:dns_config_service_win.cc(665)] Failed to read DnsConfig.
[0407/161653:WARNING:dns_config_service_win.cc(665)] Failed to read DnsConfig.
[0407/161658:WARNING:dns_config_service_win.cc(665)] Failed to read DnsConfig.
[0407/161703:WARNING:dns_config_service_win.cc(665)] Failed to read DnsConfig.
[0407/161708:WARNING:dns_config_service_win.cc(665)] Failed to read DnsConfig.
[0407/161713:WARNING:dns_config_service_win.cc(665)] Failed to read DnsConfig.
[0407/161718:WARNING:dns_config_service_win.cc(665)] Failed to read DnsConfig.
[0407/161723:WARNING:dns_config_service_win.cc(665)] Failed to read DnsConfig.
[0407/161728:WARNING:dns_config_service_win.cc(665)] Failed to read DnsConfig.
[0407/161733:WARNING:dns_config_service_win.cc(665)] Failed to read DnsConfig.
[0407/161738:WARNING:dns_config_service_win.cc(665)] Failed to read DnsConfig.
[0407/161743:WARNING:dns_config_service_win.cc(665)] Failed to read DnsConfig.
[0407/161748:WARNING:dns_config_service_win.cc(665)] Failed to read DnsConfig.
[0407/161753:WARNING:dns_config_service_win.cc(665)] Failed to read DnsConfig.
[0407/161758:WARNING:dns_config_service_win.cc(665)] Failed to read DnsConfig.
[0407/161803:WARNING:dns_config_service_win.cc(665)] Failed to read DnsConfig.
[0407/161808:WARNING:dns_config_service_win.cc(665)] Failed to read DnsConfig.
[0407/161813:WARNING:dns_config_service_win.cc(665)] Failed to read DnsConfig.
[0407/161818:WARNING:dns_config_service_win.cc(665)] Failed to read DnsConfig.
[0407/161823:WARNING:dns_config_service_win.cc(665)] Failed to read DnsConfig.
[0407/161828:WARNING:dns_config_service_win.cc(665)] Failed to read DnsConfig.
[0407/161833:WARNING:dns_config_service_win.cc(665)] Failed to read DnsConfig.
[0407/161838:WARNING:dns_config_service_win.cc(665)] Failed to read DnsConfig.
[0407/161843:WARNING:dns_config_service_win.cc(665)] Failed to read DnsConfig.
[0407/161848:WARNING:dns_config_service_win.cc(665)] Failed to read DnsConfig.
[0407/161853:WARNING:dns_config_service_win.cc(665)] Failed to read DnsConfig.
[0407/161858:WARNING:dns_config_service_win.cc(665)] Failed to read DnsConfig.
[0407/161903:WARNING:dns_config_service_win.cc(665)] Failed to read DnsConfig.
[0407/161908:WARNING:dns_config_service_win.cc(665)] Failed to read DnsConfig.
[0407/161913:WARNING:dns_config_service_win.cc(665)] Failed to read DnsConfig.
[0407/161918:WARNING:dns_config_service_win.cc(665)] Failed to read DnsConfig.
[0407/161923:WARNING:dns_config_service_win.cc(665)] Failed to read DnsConfig.
[0407/161928:WARNING:dns_config_service_win.cc(665)] Failed to read DnsConfig.
[0407/161933:WARNING:dns_config_service_win.cc(665)] Failed to read DnsConfig.
[0407/161938:WARNING:dns_config_service_win.cc(665)] Failed to read DnsConfig.
[0407/161943:WARNING:dns_config_service_win.cc(665)] Failed to read DnsConfig.
[0407/161948:WARNING:dns_config_service_win.cc(665)] Failed to read DnsConfig.
[0407/161953:WARNING:dns_config_service_win.cc(665)] Failed to read DnsConfig.
[0407/161958:WARNING:dns_config_service_win.cc(665)] Failed to read DnsConfig.
[0407/162003:WARNING:dns_config_service_win.cc(665)] Failed to read DnsConfig.
[0407/162008:WARNING:dns_config_service_win.cc(665)] Failed to read DnsConfig.
[0407/162013:WARNING:dns_config_service_win.cc(665)] Failed to read DnsConfig.
[0407/162018:WARNING:dns_config_service_win.cc(665)] Failed to read DnsConfig.
[0407/162023:WARNING:dns_config_service_win.cc(665)] Failed to read DnsConfig.
[0407/162028:WARNING:dns_config_service_win.cc(665)] Failed to read DnsConfig.
[0407/162033:WARNING:dns_config_service_win.cc(665)] Failed to read DnsConfig.
[0407/162038:WARNING:dns_config_service_win.cc(665)] Failed to read DnsConfig.
[0407/162043:WARNING:dns_config_service_win.cc(665)] Failed to read DnsConfig.
[0407/162048:WARNING:dns_config_service_win.cc(665)] Failed to read DnsConfig.
[0407/162053:WARNING:dns_config_service_win.cc(665)] Failed to read DnsConfig.
[0407/162058:WARNING:dns_config_service_win.cc(665)] Failed to read DnsConfig.
[0407/162103:WARNING:dns_config_service_win.cc(665)] Failed to read DnsConfig.
[0407/162108:WARNING:dns_config_service_win.cc(665)] Failed to read DnsConfig.
[0407/162113:WARNING:dns_config_service_win.cc(665)] Failed to read DnsConfig.
[0407/162118:WARNING:dns_config_service_win.cc(665)] Failed to read DnsConfig.
[0407/162123:WARNING:dns_config_service_win.cc(665)] Failed to read DnsConfig.
[0407/162128:WARNING:dns_config_service_win.cc(665)] Failed to read DnsConfig.
[0407/162133:WARNING:dns_config_service_win.cc(665)] Failed to read DnsConfig.
[0407/162138:WARNING:dns_config_service_win.cc(665)] Failed to read DnsConfig.
[0407/162143:WARNING:dns_config_service_win.cc(665)] Failed to read DnsConfig.
[0407/162148:WARNING:dns_config_service_win.cc(665)] Failed to read DnsConfig.
[0407/162153:WARNING:dns_config_service_win.cc(665)] Failed to read DnsConfig.
[0407/162158:WARNING:dns_config_service_win.cc(665)] Failed to read DnsConfig.
[0407/162203:WARNING:dns_config_service_win.cc(665)] Failed to read DnsConfig.
[0407/162208:WARNING:dns_config_service_win.cc(665)] Failed to read DnsConfig.
[0407/162213:WARNING:dns_config_service_win.cc(665)] Failed to read DnsConfig.
[0407/162218:WARNING:dns_config_service_win.cc(665)] Failed to read DnsConfig.
[0407/162223:WARNING:dns_config_service_win.cc(665)] Failed to read DnsConfig.
[0407/162228:WARNING:dns_config_service_win.cc(665)] Failed to read DnsConfig.
[0407/162233:WARNING:dns_config_service_win.cc(665)] Failed to read DnsConfig.
[0407/162238:WARNING:dns_config_service_win.cc(665)] Failed to read DnsConfig.
[0407/162243:WARNING:dns_config_service_win.cc(665)] Failed to read DnsConfig.
[0407/162248:WARNING:dns_config_service_win.cc(665)] Failed to read DnsConfig.
[0407/162253:WARNING:dns_config_service_win.cc(665)] Failed to read DnsConfig.
[0407/162258:WARNING:dns_config_service_win.cc(665)] Failed to read DnsConfig.
[0407/162303:WARNING:dns_config_service_win.cc(665)] Failed to read DnsConfig.
[0407/162308:WARNING:dns_config_service_win.cc(665)] Failed to read DnsConfig.
[0407/162313:WARNING:dns_config_service_win.cc(665)] Failed to read DnsConfig.
[0407/162318:WARNING:dns_config_service_win.cc(665)] Failed to read DnsConfig.
[0407/162323:WARNING:dns_config_service_win.cc(665)] Failed to read DnsConfig.
[0407/162328:WARNING:dns_config_service_win.cc(665)] Failed to read DnsConfig.
[0407/162333:WARNING:dns_config_service_win.cc(665)] Failed to read DnsConfig.
[0407/162338:WARNING:dns_config_service_win.cc(665)] Failed to read DnsConfig.
[0407/162343:WARNING:dns_config_service_win.cc(665)] Failed to read DnsConfig.
[0407/162348:WARNING:dns_config_service_win.cc(665)] Failed to read DnsConfig.
[0407/162353:WARNING:dns_config_service_win.cc(665)] Failed to read DnsConfig.
[0407/162358:WARNING:dns_config_service_win.cc(665)] Failed to read DnsConfig.
[0407/162403:WARNING:dns_config_service_win.cc(665)] Failed to read DnsConfig.
[0407/162408:WARNING:dns_config_service_win.cc(665)] Failed to read DnsConfig.
[0407/162413:WARNING:dns_config_service_win.cc(665)] Failed to read DnsConfig.
[0407/162418:WARNING:dns_config_service_win.cc(665)] Failed to read DnsConfig.
[0407/162423:WARNING:dns_config_service_win.cc(665)] Failed to read DnsConfig.
[0407/162428:WARNING:dns_config_service_win.cc(665)] Failed to read DnsConfig.
[0407/162433:WARNING:dns_config_service_win.cc(665)] Failed to read DnsConfig.
[0407/162438:WARNING:dns_config_service_win.cc(665)] Failed to read DnsConfig.
[0407/162443:WARNING:dns_config_service_win.cc(665)] Failed to read DnsConfig.
[0407/162448:WARNING:dns_config_service_win.cc(665)] Failed to read DnsConfig.
[0407/162453:WARNING:dns_config_service_win.cc(665)] Failed to read DnsConfig.
[0407/162458:WARNING:dns_config_service_win.cc(665)] Failed to read DnsConfig.
[0407/162503:WARNING:dns_config_service_win.cc(665)] Failed to read DnsConfig.
[0407/162508:WARNING:dns_config_service_win.cc(665)] Failed to read DnsConfig.
[0407/162513:WARNING:dns_config_service_win.cc(665)] Failed to read DnsConfig.
[0407/162518:WARNING:dns_config_service_win.cc(665)] Failed to read DnsConfig.
[0407/162523:WARNING:dns_config_service_win.cc(665)] Failed to read DnsConfig.
[0407/162528:WARNING:dns_config_service_win.cc(665)] Failed to read DnsConfig.
[0407/162533:WARNING:dns_config_service_win.cc(665)] Failed to read DnsConfig.
[0407/162538:WARNING:dns_config_service_win.cc(665)] Failed to read DnsConfig.
[0407/162543:WARNING:dns_config_service_win.cc(665)] Failed to read DnsConfig.
[0407/162548:WARNING:dns_config_service_win.cc(665)] Failed to read DnsConfig.
[0407/162553:WARNING:dns_config_service_win.cc(665)] Failed to read DnsConfig.
[0407/162558:WARNING:dns_config_service_win.cc(665)] Failed to read DnsConfig.
[0407/162603:WARNING:dns_config_service_win.cc(665)] Failed to read DnsConfig.
[0407/162608:WARNING:dns_config_service_win.cc(665)] Failed to read DnsConfig.
[0407/162613:WARNING:dns_config_service_win.cc(665)] Failed to read DnsConfig.
[0407/162618:WARNING:dns_config_service_win.cc(665)] Failed to read DnsConfig.
[0407/162623:WARNING:dns_config_service_win.cc(665)] Failed to read DnsConfig.
[0407/162628:WARNING:dns_config_service_win.cc(665)] Failed to read DnsConfig.
[0407/162633:WARNING:dns_config_service_win.cc(665)] Failed to read DnsConfig.
[0407/162638:WARNING:dns_config_service_win.cc(665)] Failed to read DnsConfig.
[0407/162643:WARNING:dns_config_service_win.cc(665)] Failed to read DnsConfig.
[0407/162648:WARNING:dns_config_service_win.cc(665)] Failed to read DnsConfig.
[0407/162653:WARNING:dns_config_service_win.cc(665)] Failed to read DnsConfig.
[0407/162658:WARNING:dns_config_service_win.cc(665)] Failed to read DnsConfig.
[0407/162703:WARNING:dns_config_service_win.cc(665)] Failed to read DnsConfig.
[0407/162708:WARNING:dns_config_service_win.cc(665)] Failed to read DnsConfig.
[0407/162713:WARNING:dns_config_service_win.cc(665)] Failed to read DnsConfig.
[0407/162718:WARNING:dns_config_service_win.cc(665)] Failed to read DnsConfig.
[0407/162723:WARNING:dns_config_service_win.cc(665)] Failed to read DnsConfig.
[0407/162728:WARNING:dns_config_service_win.cc(665)] Failed to read DnsConfig.
[0407/162733:WARNING:dns_config_service_win.cc(665)] Failed to read DnsConfig.
[0407/162738:WARNING:dns_config_service_win.cc(665)] Failed to read DnsConfig.
[0407/162743:WARNING:dns_config_service_win.cc(665)] Failed to read DnsConfig.
[0407/162748:WARNING:dns_config_service_win.cc(665)] Failed to read DnsConfig.
[0407/162753:WARNING:dns_config_service_win.cc(665)] Failed to read DnsConfig.
[0407/162758:WARNING:dns_config_service_win.cc(665)] Failed to read DnsConfig.
[0407/162803:WARNING:dns_config_service_win.cc(665)] Failed to read DnsConfig.
[0407/162808:WARNING:dns_config_service_win.cc(665)] Failed to read DnsConfig.
[0407/162813:WARNING:dns_config_service_win.cc(665)] Failed to read DnsConfig.
[0407/162818:WARNING:dns_config_service_win.cc(665)] Failed to read DnsConfig.
[0407/162823:WARNING:dns_config_service_win.cc(665)] Failed to read DnsConfig.
[0407/162828:WARNING:dns_config_service_win.cc(665)] Failed to read DnsConfig.
[0407/162833:WARNING:dns_config_service_win.cc(665)] Failed to read DnsConfig.
[0407/162838:WARNING:dns_config_service_win.cc(665)] Failed to read DnsConfig.
[0407/162843:WARNING:dns_config_service_win.cc(665)] Failed to read DnsConfig.
[0407/162848:WARNING:dns_config_service_win.cc(665)] Failed to read DnsConfig.
[0407/162853:WARNING:dns_config_service_win.cc(665)] Failed to read DnsConfig.
[0407/162858:WARNING:dns_config_service_win.cc(665)] Failed to read DnsConfig.
[0407/162903:WARNING:dns_config_service_win.cc(665)] Failed to read DnsConfig.
[0407/162908:WARNING:dns_config_service_win.cc(665)] Failed to read DnsConfig.
[0407/162913:WARNING:dns_config_service_win.cc(665)] Failed to read DnsConfig.
[0407/162918:WARNING:dns_config_service_win.cc(665)] Failed to read DnsConfig.
[0407/162923:WARNING:dns_config_service_win.cc(665)] Failed to read DnsConfig.
[0407/162928:WARNING:dns_config_service_win.cc(665)] Failed to read DnsConfig.
[0407/162933:WARNING:dns_config_service_win.cc(665)] Failed to read DnsConfig.
[0407/162938:WARNING:dns_config_service_win.cc(665)] Failed to read DnsConfig.
[0407/162943:WARNING:dns_config_service_win.cc(665)] Failed to read DnsConfig.
[0407/162948:WARNING:dns_config_service_win.cc(665)] Failed to read DnsConfig.
[0407/162953:WARNING:dns_config_service_win.cc(665)] Failed to read DnsConfig.
[0407/162958:WARNING:dns_config_service_win.cc(665)] Failed to read DnsConfig.
[0407/163003:WARNING:dns_config_service_win.cc(665)] Failed to read DnsConfig.
[0407/163008:WARNING:dns_config_service_win.cc(665)] Failed to read DnsConfig.
[0407/163013:WARNING:dns_config_service_win.cc(665)] Failed to read DnsConfig.
[0407/163018:WARNING:dns_config_service_win.cc(665)] Failed to read DnsConfig.
[0407/163023:WARNING:dns_config_service_win.cc(665)] Failed to read DnsConfig.
[0407/163028:WARNING:dns_config_service_win.cc(665)] Failed to read DnsConfig.
[0407/163033:WARNING:dns_config_service_win.cc(665)] Failed to read DnsConfig.
[0407/163038:WARNING:dns_config_service_win.cc(665)] Failed to read DnsConfig.
[0407/163043:WARNING:dns_config_service_win.cc(665)] Failed to read DnsConfig.
[0407/163048:WARNING:dns_config_service_win.cc(665)] Failed to read DnsConfig.
[0407/163053:WARNING:dns_config_service_win.cc(665)] Failed to read DnsConfig.
[0407/163058:WARNING:dns_config_service_win.cc(665)] Failed to read DnsConfig.
[0407/163103:WARNING:dns_config_service_win.cc(665)] Failed to read DnsConfig.
[0407/163108:WARNING:dns_config_service_win.cc(665)] Failed to read DnsConfig.
[0407/163113:WARNING:dns_config_service_win.cc(665)] Failed to read DnsConfig.
[0407/163118:WARNING:dns_config_service_win.cc(665)] Failed to read DnsConfig.
[0407/163123:WARNING:dns_config_service_win.cc(665)] Failed to read DnsConfig.
[0407/163128:WARNING:dns_config_service_win.cc(665)] Failed to read DnsConfig.
[0407/163133:WARNING:dns_config_service_win.cc(665)] Failed to read DnsConfig.
[0407/163138:WARNING:dns_config_service_win.cc(665)] Failed to read DnsConfig.
[0407/163143:WARNING:dns_config_service_win.cc(665)] Failed to read DnsConfig.
[0407/163148:WARNING:dns_config_service_win.cc(665)] Failed to read DnsConfig.
[0407/163153:WARNING:dns_config_service_win.cc(665)] Failed to read DnsConfig.
[0407/163158:WARNING:dns_config_service_win.cc(665)] Failed to read DnsConfig.
[0407/163203:WARNING:dns_config_service_win.cc(665)] Failed to read DnsConfig.
[0407/163208:WARNING:dns_config_service_win.cc(665)] Failed to read DnsConfig.
[0407/163214:WARNING:dns_config_service_win.cc(665)] Failed to read DnsConfig.
[0407/163219:WARNING:dns_config_service_win.cc(665)] Failed to read DnsConfig.
[0407/163224:WARNING:dns_config_service_win.cc(665)] Failed to read DnsConfig.
[0407/163229:WARNING:dns_config_service_win.cc(665)] Failed to read DnsConfig.
[0407/163234:WARNING:dns_config_service_win.cc(665)] Failed to read DnsConfig.
[0407/163239:WARNING:dns_config_service_win.cc(665)] Failed to read DnsConfig.
[0407/163244:WARNING:dns_config_service_win.cc(665)] Failed to read DnsConfig.
[0407/163249:WARNING:dns_config_service_win.cc(665)] Failed to read DnsConfig.
[0407/163254:WARNING:dns_config_service_win.cc(665)] Failed to read DnsConfig.
[0407/163259:WARNING:dns_config_service_win.cc(665)] Failed to read DnsConfig.
[0407/163304:WARNING:dns_config_service_win.cc(665)] Failed to read DnsConfig.
[0407/163309:WARNING:dns_config_service_win.cc(665)] Failed to read DnsConfig.
[0407/163314:WARNING:dns_config_service_win.cc(665)] Failed to read DnsConfig.
[0407/163319:WARNING:dns_config_service_win.cc(665)] Failed to read DnsConfig.
[0407/163324:WARNING:dns_config_service_win.cc(665)] Failed to read DnsConfig.
[0407/163329:WARNING:dns_config_service_win.cc(665)] Failed to read DnsConfig.
[0407/163334:WARNING:dns_config_service_win.cc(665)] Failed to read DnsConfig.
[0407/163339:WARNING:dns_config_service_win.cc(665)] Failed to read DnsConfig.
[0407/163344:WARNING:dns_config_service_win.cc(665)] Failed to read DnsConfig.
[0407/163349:WARNING:dns_config_service_win.cc(665)] Failed to read DnsConfig.
[0407/163354:WARNING:dns_config_service_win.cc(665)] Failed to read DnsConfig.
[0407/163359:WARNING:dns_config_service_win.cc(665)] Failed to read DnsConfig.
[0407/163404:WARNING:dns_config_service_win.cc(665)] Failed to read DnsConfig.
[0407/163409:WARNING:dns_config_service_win.cc(665)] Failed to read DnsConfig.
[0407/163414:WARNING:dns_config_service_win.cc(665)] Failed to read DnsConfig.
[0407/163419:WARNING:dns_config_service_win.cc(665)] Failed to read DnsConfig.
[0407/163424:WARNING:dns_config_service_win.cc(665)] Failed to read DnsConfig.
[0407/163429:WARNING:dns_config_service_win.cc(665)] Failed to read DnsConfig.
[0407/163434:WARNING:dns_config_service_win.cc(665)] Failed to read DnsConfig.
[0407/163439:WARNING:dns_config_service_win.cc(665)] Failed to read DnsConfig.
[0407/163444:WARNING:dns_config_service_win.cc(665)] Failed to read DnsConfig.
[0407/163449:WARNING:dns_config_service_win.cc(665)] Failed to read DnsConfig.
[0407/163454:WARNING:dns_config_service_win.cc(665)] Failed to read DnsConfig.
[0407/163459:WARNING:dns_config_service_win.cc(665)] Failed to read DnsConfig.
[0407/163504:WARNING:dns_config_service_win.cc(665)] Failed to read DnsConfig.
[0407/163509:WARNING:dns_config_service_win.cc(665)] Failed to read DnsConfig.
[0407/163514:WARNING:dns_config_service_win.cc(665)] Failed to read DnsConfig.
[0407/163519:WARNING:dns_config_service_win.cc(665)] Failed to read DnsConfig.
[0407/163524:WARNING:dns_config_service_win.cc(665)] Failed to read DnsConfig.
[0407/163529:WARNING:dns_config_service_win.cc(665)] Failed to read DnsConfig.
[0407/163534:WARNING:dns_config_service_win.cc(665)] Failed to read DnsConfig.
[0407/163539:WARNING:dns_config_service_win.cc(665)] Failed to read DnsConfig.
[0407/163541:WARNING:dns_config_service_win.cc(665)] Failed to read DnsConfig.
[0407/163544:WARNING:dns_config_service_win.cc(665)] Failed to read DnsConfig.
[0407/163546:WARNING:dns_config_service_win.cc(665)] Failed to read DnsConfig.
[0407/163549:WARNING:dns_config_service_win.cc(665)] Failed to read DnsConfig.
[0407/163551:WARNING:dns_config_service_win.cc(665)] Failed to read DnsConfig.
[0407/163554:WARNING:dns_config_service_win.cc(665)] Failed to read DnsConfig.
[0407/163556:WARNING:dns_config_service_win.cc(665)] Failed to read DnsConfig.
[0407/163559:WARNING:dns_config_service_win.cc(665)] Failed to read DnsConfig.
[0407/163601:WARNING:dns_config_service_win.cc(665)] Failed to read DnsConfig.
[0407/163604:WARNING:dns_config_service_win.cc(665)] Failed to read DnsConfig.
[0407/163606:WARNING:dns_config_service_win.cc(665)] Failed to read DnsConfig.
[0407/163609:WARNING:dns_config_service_win.cc(665)] Failed to read DnsConfig.
[0407/163611:WARNING:dns_config_service_win.cc(665)] Failed to read DnsConfig.
[0407/163614:WARNING:dns_config_service_win.cc(665)] Failed to read DnsConfig.
[0407/163616:WARNING:dns_config_service_win.cc(665)] Failed to read DnsConfig.
[0407/163619:WARNING:dns_config_service_win.cc(665)] Failed to read DnsConfig.
[0407/163621:WARNING:dns_config_service_win.cc(665)] Failed to read DnsConfig.
[0407/163624:WARNING:dns_config_service_win.cc(665)] Failed to read DnsConfig.
[0407/163626:WARNING:dns_config_service_win.cc(665)] Failed to read DnsConfig.
[0407/163629:WARNING:dns_config_service_win.cc(665)] Failed to read DnsConfig.
[0407/163631:WARNING:dns_config_service_win.cc(665)] Failed to read DnsConfig.
[0407/163634:WARNING:dns_config_service_win.cc(665)] Failed to read DnsConfig.
[0407/163636:WARNING:dns_config_service_win.cc(665)] Failed to read DnsConfig.
[0407/163639:WARNING:dns_config_service_win.cc(665)] Failed to read DnsConfig.
[0407/163641:WARNING:dns_config_service_win.cc(665)] Failed to read DnsConfig.
[0407/163644:WARNING:dns_config_service_win.cc(665)] Failed to read DnsConfig.
[0407/163646:WARNING:dns_config_service_win.cc(665)] Failed to read DnsConfig.
[0407/163649:WARNING:dns_config_service_win.cc(665)] Failed to read DnsConfig.
[0407/163651:WARNING:dns_config_service_win.cc(665)] Failed to read DnsConfig.
[0407/163654:WARNING:dns_config_service_win.cc(665)] Failed to read DnsConfig.
[0407/163656:WARNING:dns_config_service_win.cc(665)] Failed to read DnsConfig.
[0407/163659:WARNING:dns_config_service_win.cc(665)] Failed to read DnsConfig.
[0407/163701:WARNING:dns_config_service_win.cc(665)] Failed to read DnsConfig.
[0407/163704:WARNING:dns_config_service_win.cc(665)] Failed to read DnsConfig.
[0407/163706:WARNING:dns_config_service_win.cc(665)] Failed to read DnsConfig.
[0407/163709:WARNING:dns_config_service_win.cc(665)] Failed to read DnsConfig.
[0407/163711:WARNING:dns_config_service_win.cc(665)] Failed to read DnsConfig.
[0407/163714:WARNING:dns_config_service_win.cc(665)] Failed to read DnsConfig.
[0407/163716:WARNING:dns_config_service_win.cc(665)] Failed to read DnsConfig.
[0407/163857:WARNING:dns_config_service_win.cc(665)] Failed to read DnsConfig.
[0407/163857:WARNING:dns_config_service_win.cc(665)] Failed to read DnsConfig.
[0407/163902:WARNING:dns_config_service_win.cc(665)] Failed to read DnsConfig.
[0407/163902:WARNING:dns_config_service_win.cc(665)] Failed to read DnsConfig.
[0407/163905:WARNING:dns_config_service_win.cc(665)] Failed to read DnsConfig.
[0407/163907:WARNING:dns_config_service_win.cc(665)] Failed to read DnsConfig.
[0407/163907:WARNING:dns_config_service_win.cc(665)] Failed to read DnsConfig.
[0407/163910:WARNING:dns_config_service_win.cc(665)] Failed to read DnsConfig.
[0407/163912:WARNING:dns_config_service_win.cc(665)] Failed to read DnsConfig.
[0407/163912:WARNING:dns_config_service_win.cc(665)] Failed to read DnsConfig.
[0407/163915:WARNING:dns_config_service_win.cc(665)] Failed to read DnsConfig.
[0407/163917:WARNING:dns_config_service_win.cc(665)] Failed to read DnsConfig.
[0407/163917:WARNING:dns_config_service_win.cc(665)] Failed to read DnsConfig.
[0407/163920:WARNING:dns_config_service_win.cc(665)] Failed to read DnsConfig.
[0407/163922:WARNING:dns_config_service_win.cc(665)] Failed to read DnsConfig.
[0407/163922:WARNING:dns_config_service_win.cc(665)] Failed to read DnsConfig.
[0407/163925:WARNING:dns_config_service_win.cc(665)] Failed to read DnsConfig.
[0407/163927:WARNING:dns_config_service_win.cc(665)] Failed to read DnsConfig.
[0407/163927:WARNING:dns_config_service_win.cc(665)] Failed to read DnsConfig.
[0407/163930:WARNING:dns_config_service_win.cc(665)] Failed to read DnsConfig.
[0407/163932:WARNING:dns_config_service_win.cc(665)] Failed to read DnsConfig.
[0407/163932:WARNING:dns_config_service_win.cc(665)] Failed to read DnsConfig.
[0407/163935:WARNING:dns_config_service_win.cc(665)] Failed to read DnsConfig.
[0407/163937:WARNING:dns_config_service_win.cc(665)] Failed to read DnsConfig.
[0407/163937:WARNING:dns_config_service_win.cc(665)] Failed to read DnsConfig.
[0407/163940:WARNING:dns_config_service_win.cc(665)] Failed to read DnsConfig.
[0407/163942:WARNING:dns_config_service_win.cc(665)] Failed to read DnsConfig.
[0407/163942:WARNING:dns_config_service_win.cc(665)] Failed to read DnsConfig.
[0407/163945:WARNING:dns_config_service_win.cc(665)] Failed to read DnsConfig.
[0407/163947:WARNING:dns_config_service_win.cc(665)] Failed to read DnsConfig.
[0407/163947:WARNING:dns_config_service_win.cc(665)] Failed to read DnsConfig.
[0407/163950:WARNING:dns_config_service_win.cc(665)] Failed to read DnsConfig.
[0407/163952:WARNING:dns_config_service_win.cc(665)] Failed to read DnsConfig.
[0407/163952:WARNING:dns_config_service_win.cc(665)] Failed to read DnsConfig.
[0407/163955:WARNING:dns_config_service_win.cc(665)] Failed to read DnsConfig.
[0407/163957:WARNING:dns_config_service_win.cc(665)] Failed to read DnsConfig.
[0407/163957:WARNING:dns_config_service_win.cc(665)] Failed to read DnsConfig.
[0407/164000:WARNING:dns_config_service_win.cc(665)] Failed to read DnsConfig.
[0407/164002:WARNING:dns_config_service_win.cc(665)] Failed to read DnsConfig.
[0407/164002:WARNING:dns_config_service_win.cc(665)] Failed to read DnsConfig.
[0407/164005:WARNING:dns_config_service_win.cc(665)] Failed to read DnsConfig.
[0407/164007:WARNING:dns_config_service_win.cc(665)] Failed to read DnsConfig.
[0407/164007:WARNING:dns_config_service_win.cc(665)] Failed to read DnsConfig.
[0407/164010:WARNING:dns_config_service_win.cc(665)] Failed to read DnsConfig.
[0407/164012:WARNING:dns_config_service_win.cc(665)] Failed to read DnsConfig.
[0407/164012:WARNING:dns_config_service_win.cc(665)] Failed to read DnsConfig.
[0407/164015:WARNING:dns_config_service_win.cc(665)] Failed to read DnsConfig.
[0407/164017:WARNING:dns_config_service_win.cc(665)] Failed to read DnsConfig.
[0407/164017:WARNING:dns_config_service_win.cc(665)] Failed to read DnsConfig.
[0407/164020:WARNING:dns_config_service_win.cc(665)] Failed to read DnsConfig.
[0407/164022:WARNING:dns_config_service_win.cc(665)] Failed to read DnsConfig.
[0407/164022:WARNING:dns_config_service_win.cc(665)] Failed to read DnsConfig.
[0407/164025:WARNING:dns_config_service_win.cc(665)] Failed to read DnsConfig.
[0407/164027:WARNING:dns_config_service_win.cc(665)] Failed to read DnsConfig.
[0407/164027:WARNING:dns_config_service_win.cc(665)] Failed to read DnsConfig.
[0407/164030:WARNING:dns_config_service_win.cc(665)] Failed to read DnsConfig.
[0407/164032:WARNING:dns_config_service_win.cc(665)] Failed to read DnsConfig.
[0407/164032:WARNING:dns_config_service_win.cc(665)] Failed to read DnsConfig.
[0407/164035:WARNING:dns_config_service_win.cc(665)] Failed to read DnsConfig.
[0407/164037:WARNING:dns_config_service_win.cc(665)] Failed to read DnsConfig.
[0407/164037:WARNING:dns_config_service_win.cc(665)] Failed to read DnsConfig.
[0407/164040:WARNING:dns_config_service_win.cc(665)] Failed to read DnsConfig.
[0407/164042:WARNING:dns_config_service_win.cc(665)] Failed to read DnsConfig.
[0407/164042:WARNING:dns_config_service_win.cc(665)] Failed to read DnsConfig.
[0407/181416:WARNING:dns_config_service_win.cc(665)] Failed to read DnsConfig.
[0407/181417:WARNING:dns_config_service_win.cc(665)] Failed to read DnsConfig.
[0407/181421:WARNING:dns_config_service_win.cc(665)] Failed to read DnsConfig.
[0407/181422:WARNING:dns_config_service_win.cc(665)] Failed to read DnsConfig.
[0407/181426:WARNING:dns_config_service_win.cc(665)] Failed to read DnsConfig.
[0407/181427:WARNING:dns_config_service_win.cc(665)] Failed to read DnsConfig.
[0407/181431:WARNING:dns_config_service_win.cc(665)] Failed to read DnsConfig.
[0407/181432:WARNING:dns_config_service_win.cc(665)] Failed to read DnsConfig.
[0407/181436:WARNING:dns_config_service_win.cc(665)] Failed to read DnsConfig.
[0407/181437:WARNING:dns_config_service_win.cc(665)] Failed to read DnsConfig.
[0407/181441:WARNING:dns_config_service_win.cc(665)] Failed to read DnsConfig.
[0407/181442:WARNING:dns_config_service_win.cc(665)] Failed to read DnsConfig.
[0407/181446:WARNING:dns_config_service_win.cc(665)] Failed to read DnsConfig.
[0407/181447:WARNING:dns_config_service_win.cc(665)] Failed to read DnsConfig.
[0407/181451:WARNING:dns_config_service_win.cc(665)] Failed to read DnsConfig.
[0407/181452:WARNING:dns_config_service_win.cc(665)] Failed to read DnsConfig.
[0407/181456:WARNING:dns_config_service_win.cc(665)] Failed to read DnsConfig.
[0407/181457:WARNING:dns_config_service_win.cc(665)] Failed to read DnsConfig.
[0407/181501:WARNING:dns_config_service_win.cc(665)] Failed to read DnsConfig.
[0407/181502:WARNING:dns_config_service_win.cc(665)] Failed to read DnsConfig.
[0407/181506:WARNING:dns_config_service_win.cc(665)] Failed to read DnsConfig.
[0407/181507:WARNING:dns_config_service_win.cc(665)] Failed to read DnsConfig.
[0407/181511:WARNING:dns_config_service_win.cc(665)] Failed to read DnsConfig.
[0407/181512:WARNING:dns_config_service_win.cc(665)] Failed to read DnsConfig.
[0407/181516:WARNING:dns_config_service_win.cc(665)] Failed to read DnsConfig.
[0407/181517:WARNING:dns_config_service_win.cc(665)] Failed to read DnsConfig.
[0407/181521:WARNING:dns_config_service_win.cc(665)] Failed to read DnsConfig.
[0407/181522:WARNING:dns_config_service_win.cc(665)] Failed to read DnsConfig.
[0407/181526:WARNING:dns_config_service_win.cc(665)] Failed to read DnsConfig.
[0407/181527:WARNING:dns_config_service_win.cc(665)] Failed to read DnsConfig.
[0407/181531:WARNING:dns_config_service_win.cc(665)] Failed to read DnsConfig.
[0407/181532:WARNING:dns_config_service_win.cc(665)] Failed to read DnsConfig.
[0407/181536:WARNING:dns_config_service_win.cc(665)] Failed to read DnsConfig.
[0407/181537:WARNING:dns_config_service_win.cc(665)] Failed to read DnsConfig.
[0407/181541:WARNING:dns_config_service_win.cc(665)] Failed to read DnsConfig.
[0407/181542:WARNING:dns_config_service_win.cc(665)] Failed to read DnsConfig.
[0407/181546:WARNING:dns_config_service_win.cc(665)] Failed to read DnsConfig.
[0407/181547:WARNING:dns_config_service_win.cc(665)] Failed to read DnsConfig.
[0407/181551:WARNING:dns_config_service_win.cc(665)] Failed to read DnsConfig.
[0407/181552:WARNING:dns_config_service_win.cc(665)] Failed to read DnsConfig.
[0407/181556:WARNING:dns_config_service_win.cc(665)] Failed to read DnsConfig.
[0407/181557:WARNING:dns_config_service_win.cc(665)] Failed to read DnsConfig.
[0407/181601:WARNING:dns_config_service_win.cc(665)] Failed to read DnsConfig.
[0407/181602:WARNING:dns_config_service_win.cc(665)] Failed to read DnsConfig.
[0407/181606:WARNING:dns_config_service_win.cc(665)] Failed to read DnsConfig.
[0407/181607:WARNING:dns_config_service_win.cc(665)] Failed to read DnsConfig.
[0407/181611:WARNING:dns_config_service_win.cc(665)] Failed to read DnsConfig.
[0407/181612:WARNING:dns_config_service_win.cc(665)] Failed to read DnsConfig.
[0407/181616:WARNING:dns_config_service_win.cc(665)] Failed to read DnsConfig.
[0407/181617:WARNING:dns_config_service_win.cc(665)] Failed to read DnsConfig.
[0407/181621:WARNING:dns_config_service_win.cc(665)] Failed to read DnsConfig.
[0407/181622:WARNING:dns_config_service_win.cc(665)] Failed to read DnsConfig.
[0407/181626:WARNING:dns_config_service_win.cc(665)] Failed to read DnsConfig.
[0407/181627:WARNING:dns_config_service_win.cc(665)] Failed to read DnsConfig.
[0407/181631:WARNING:dns_config_service_win.cc(665)] Failed to read DnsConfig.
[0407/181632:WARNING:dns_config_service_win.cc(665)] Failed to read DnsConfig.
[0407/181636:WARNING:dns_config_service_win.cc(665)] Failed to read DnsConfig.
[0407/181637:WARNING:dns_config_service_win.cc(665)] Failed to read DnsConfig.
[0407/181641:WARNING:dns_config_service_win.cc(665)] Failed to read DnsConfig.
[0407/181642:WARNING:dns_config_service_win.cc(665)] Failed to read DnsConfig.
[0407/181646:WARNING:dns_config_service_win.cc(665)] Failed to read DnsConfig.
[0407/181647:WARNING:dns_config_service_win.cc(665)] Failed to read DnsConfig.
[0407/181651:WARNING:dns_config_service_win.cc(665)] Failed to read DnsConfig.
[0407/181652:WARNING:dns_config_service_win.cc(665)] Failed to read DnsConfig.
[0407/181656:WARNING:dns_config_service_win.cc(665)] Failed to read DnsConfig.
[0407/181657:WARNING:dns_config_service_win.cc(665)] Failed to read DnsConfig.
[0407/181701:WARNING:dns_config_service_win.cc(665)] Failed to read DnsConfig.
[0407/181702:WARNING:dns_config_service_win.cc(665)] Failed to read DnsConfig.
[0407/181706:WARNING:dns_config_service_win.cc(665)] Failed to read DnsConfig.
[0407/181707:WARNING:dns_config_service_win.cc(665)] Failed to read DnsConfig.
[0407/181711:WARNING:dns_config_service_win.cc(665)] Failed to read DnsConfig.
[0407/181712:WARNING:dns_config_service_win.cc(665)] Failed to read DnsConfig.
[0407/181716:WARNING:dns_config_service_win.cc(665)] Failed to read DnsConfig.
[0407/181717:WARNING:dns_config_service_win.cc(665)] Failed to read DnsConfig.
[0407/181721:WARNING:dns_config_service_win.cc(665)] Failed to read DnsConfig.
[0407/181722:WARNING:dns_config_service_win.cc(665)] Failed to read DnsConfig.
[0407/181726:WARNING:dns_config_service_win.cc(665)] Failed to read DnsConfig.
[0407/181727:WARNING:dns_config_service_win.cc(665)] Failed to read DnsConfig.
[0407/181731:WARNING:dns_config_service_win.cc(665)] Failed to read DnsConfig.
[0407/181732:WARNING:dns_config_service_win.cc(665)] Failed to read DnsConfig.
[0407/181736:WARNING:dns_config_service_win.cc(665)] Failed to read DnsConfig.
[0407/181737:WARNING:dns_config_service_win.cc(665)] Failed to read DnsConfig.
[0407/181741:WARNING:dns_config_service_win.cc(665)] Failed to read DnsConfig.
[0407/181742:WARNING:dns_config_service_win.cc(665)] Failed to read DnsConfig.
[0407/181746:WARNING:dns_config_service_win.cc(665)] Failed to read DnsConfig.
[0407/181747:WARNING:dns_config_service_win.cc(665)] Failed to read DnsConfig.
[0407/181751:WARNING:dns_config_service_win.cc(665)] Failed to read DnsConfig.
[0407/181752:WARNING:dns_config_service_win.cc(665)] Failed to read DnsConfig.
[0407/181756:WARNING:dns_config_service_win.cc(665)] Failed to read DnsConfig.
[0407/181757:WARNING:dns_config_service_win.cc(665)] Failed to read DnsConfig.
[0407/181801:WARNING:dns_config_service_win.cc(665)] Failed to read DnsConfig.
[0407/181802:WARNING:dns_config_service_win.cc(665)] Failed to read DnsConfig.
[0407/181806:WARNING:dns_config_service_win.cc(665)] Failed to read DnsConfig.
[0407/181807:WARNING:dns_config_service_win.cc(665)] Failed to read DnsConfig.
[0407/181811:WARNING:dns_config_service_win.cc(665)] Failed to read DnsConfig.
[0407/181812:WARNING:dns_config_service_win.cc(665)] Failed to read DnsConfig.
[0407/181816:WARNING:dns_config_service_win.cc(665)] Failed to read DnsConfig.
[0407/181817:WARNING:dns_config_service_win.cc(665)] Failed to read DnsConfig.
[0407/181821:WARNING:dns_config_service_win.cc(665)] Failed to read DnsConfig.
[0407/181822:WARNING:dns_config_service_win.cc(665)] Failed to read DnsConfig.
[0407/181826:WARNING:dns_config_service_win.cc(665)] Failed to read DnsConfig.
[0407/181827:WARNING:dns_config_service_win.cc(665)] Failed to read DnsConfig.
[0407/181831:WARNING:dns_config_service_win.cc(665)] Failed to read DnsConfig.
[0407/181832:WARNING:dns_config_service_win.cc(665)] Failed to read DnsConfig.
[0407/181836:WARNING:dns_config_service_win.cc(665)] Failed to read DnsConfig.
[0407/181837:WARNING:dns_config_service_win.cc(665)] Failed to read DnsConfig.
[0407/181841:WARNING:dns_config_service_win.cc(665)] Failed to read DnsConfig.
[0407/181842:WARNING:dns_config_service_win.cc(665)] Failed to read DnsConfig.
[0407/181846:WARNING:dns_config_service_win.cc(665)] Failed to read DnsConfig.
[0407/181847:WARNING:dns_config_service_win.cc(665)] Failed to read DnsConfig.
[0407/181851:WARNING:dns_config_service_win.cc(665)] Failed to read DnsConfig.
[0407/181852:WARNING:dns_config_service_win.cc(665)] Failed to read DnsConfig.
[0407/181856:WARNING:dns_config_service_win.cc(665)] Failed to read DnsConfig.
[0407/181857:WARNING:dns_config_service_win.cc(665)] Failed to read DnsConfig.
[0407/181901:WARNING:dns_config_service_win.cc(665)] Failed to read DnsConfig.
[0407/181902:WARNING:dns_config_service_win.cc(665)] Failed to read DnsConfig.
[0407/181906:WARNING:dns_config_service_win.cc(665)] Failed to read DnsConfig.
[0407/181907:WARNING:dns_config_service_win.cc(665)] Failed to read DnsConfig.
[0407/181911:WARNING:dns_config_service_win.cc(665)] Failed to read DnsConfig.
[0407/181912:WARNING:dns_config_service_win.cc(665)] Failed to read DnsConfig.
[0407/181916:WARNING:dns_config_service_win.cc(665)] Failed to read DnsConfig.
[0407/181917:WARNING:dns_config_service_win.cc(665)] Failed to read DnsConfig.
[0407/181921:WARNING:dns_config_service_win.cc(665)] Failed to read DnsConfig.
[0407/181922:WARNING:dns_config_service_win.cc(665)] Failed to read DnsConfig.
[0407/181926:WARNING:dns_config_service_win.cc(665)] Failed to read DnsConfig.
[0407/181927:WARNING:dns_config_service_win.cc(665)] Failed to read DnsConfig.
[0407/181931:WARNING:dns_config_service_win.cc(665)] Failed to read DnsConfig.
[0407/181932:WARNING:dns_config_service_win.cc(665)] Failed to read DnsConfig.
[0407/181936:WARNING:dns_config_service_win.cc(665)] Failed to read DnsConfig.
[0407/181937:WARNING:dns_config_service_win.cc(665)] Failed to read DnsConfig.
[0407/181941:WARNING:dns_config_service_win.cc(665)] Failed to read DnsConfig.
[0407/181942:WARNING:dns_config_service_win.cc(665)] Failed to read DnsConfig.
[0407/181946:WARNING:dns_config_service_win.cc(665)] Failed to read DnsConfig.
[0407/181947:WARNING:dns_config_service_win.cc(665)] Failed to read DnsConfig.
[0407/181951:WARNING:dns_config_service_win.cc(665)] Failed to read DnsConfig.
[0407/181952:WARNING:dns_config_service_win.cc(665)] Failed to read DnsConfig.
[0407/181956:WARNING:dns_config_service_win.cc(665)] Failed to read DnsConfig.
[0407/181957:WARNING:dns_config_service_win.cc(665)] Failed to read DnsConfig.
[0407/182001:WARNING:dns_config_service_win.cc(665)] Failed to read DnsConfig.
[0407/182002:WARNING:dns_config_service_win.cc(665)] Failed to read DnsConfig.
[0407/182006:WARNING:dns_config_service_win.cc(665)] Failed to read DnsConfig.
[0407/182007:WARNING:dns_config_service_win.cc(665)] Failed to read DnsConfig.
[0407/182011:WARNING:dns_config_service_win.cc(665)] Failed to read DnsConfig.
[0407/182012:WARNING:dns_config_service_win.cc(665)] Failed to read DnsConfig.
[0407/182016:WARNING:dns_config_service_win.cc(665)] Failed to read DnsConfig.
[0407/182017:WARNING:dns_config_service_win.cc(665)] Failed to read DnsConfig.
[0407/182021:WARNING:dns_config_service_win.cc(665)] Failed to read DnsConfig.
[0407/182022:WARNING:dns_config_service_win.cc(665)] Failed to read DnsConfig.
[0407/182026:WARNING:dns_config_service_win.cc(665)] Failed to read DnsConfig.
[0407/182027:WARNING:dns_config_service_win.cc(665)] Failed to read DnsConfig.
[0407/182031:WARNING:dns_config_service_win.cc(665)] Failed to read DnsConfig.
[0407/182032:WARNING:dns_config_service_win.cc(665)] Failed to read DnsConfig.
[0407/182036:WARNING:dns_config_service_win.cc(665)] Failed to read DnsConfig.
[0407/182037:WARNING:dns_config_service_win.cc(665)] Failed to read DnsConfig.
[0407/182041:WARNING:dns_config_service_win.cc(665)] Failed to read DnsConfig.
[0407/182042:WARNING:dns_config_service_win.cc(665)] Failed to read DnsConfig.
[0407/182046:WARNING:dns_config_service_win.cc(665)] Failed to read DnsConfig.
[0407/182047:WARNING:dns_config_service_win.cc(665)] Failed to read DnsConfig.
[0407/182051:WARNING:dns_config_service_win.cc(665)] Failed to read DnsConfig.
[0407/182052:WARNING:dns_config_service_win.cc(665)] Failed to read DnsConfig.
[0407/182056:WARNING:dns_config_service_win.cc(665)] Failed to read DnsConfig.
[0407/182057:WARNING:dns_config_service_win.cc(665)] Failed to read DnsConfig.
[0407/182101:WARNING:dns_config_service_win.cc(665)] Failed to read DnsConfig.
[0407/182102:WARNING:dns_config_service_win.cc(665)] Failed to read DnsConfig.
[0407/182106:WARNING:dns_config_service_win.cc(665)] Failed to read DnsConfig.
[0407/182107:WARNING:dns_config_service_win.cc(665)] Failed to read DnsConfig.
[0407/182111:WARNING:dns_config_service_win.cc(665)] Failed to read DnsConfig.
[0407/182112:WARNING:dns_config_service_win.cc(665)] Failed to read DnsConfig.
[0407/182116:WARNING:dns_config_service_win.cc(665)] Failed to read DnsConfig.
[0407/182117:WARNING:dns_config_service_win.cc(665)] Failed to read DnsConfig.
[0407/182121:WARNING:dns_config_service_win.cc(665)] Failed to read DnsConfig.
[0407/182122:WARNING:dns_config_service_win.cc(665)] Failed to read DnsConfig.
[0407/182126:WARNING:dns_config_service_win.cc(665)] Failed to read DnsConfig.
[0407/182127:WARNING:dns_config_service_win.cc(665)] Failed to read DnsConfig.
[0407/182131:WARNING:dns_config_service_win.cc(665)] Failed to read DnsConfig.
[0407/182132:WARNING:dns_config_service_win.cc(665)] Failed to read DnsConfig.
[0407/182136:WARNING:dns_config_service_win.cc(665)] Failed to read DnsConfig.
[0407/182137:WARNING:dns_config_service_win.cc(665)] Failed to read DnsConfig.
[0407/182141:WARNING:dns_config_service_win.cc(665)] Failed to read DnsConfig.
[0407/182142:WARNING:dns_config_service_win.cc(665)] Failed to read DnsConfig.
[0407/182146:WARNING:dns_config_service_win.cc(665)] Failed to read DnsConfig.
[0407/182147:WARNING:dns_config_service_win.cc(665)] Failed to read DnsConfig.
[0407/182151:WARNING:dns_config_service_win.cc(665)] Failed to read DnsConfig.
[0407/182152:WARNING:dns_config_service_win.cc(665)] Failed to read DnsConfig.
[0407/182156:WARNING:dns_config_service_win.cc(665)] Failed to read DnsConfig.
[0407/182157:WARNING:dns_config_service_win.cc(665)] Failed to read DnsConfig.
[0407/182201:WARNING:dns_config_service_win.cc(665)] Failed to read DnsConfig.
[0407/182202:WARNING:dns_config_service_win.cc(665)] Failed to read DnsConfig.
[0407/182206:WARNING:dns_config_service_win.cc(665)] Failed to read DnsConfig.
[0407/182207:WARNING:dns_config_service_win.cc(665)] Failed to read DnsConfig.
[0407/182211:WARNING:dns_config_service_win.cc(665)] Failed to read DnsConfig.
[0407/182212:WARNING:dns_config_service_win.cc(665)] Failed to read DnsConfig.
[0407/182216:WARNING:dns_config_service_win.cc(665)] Failed to read DnsConfig.
[0407/182217:WARNING:dns_config_service_win.cc(665)] Failed to read DnsConfig.
[0407/182221:WARNING:dns_config_service_win.cc(665)] Failed to read DnsConfig.
[0407/182222:WARNING:dns_config_service_win.cc(665)] Failed to read DnsConfig.
[0407/182226:WARNING:dns_config_service_win.cc(665)] Failed to read DnsConfig.
[0407/182227:WARNING:dns_config_service_win.cc(665)] Failed to read DnsConfig.
[0407/182231:WARNING:dns_config_service_win.cc(665)] Failed to read DnsConfig.
[0407/182232:WARNING:dns_config_service_win.cc(665)] Failed to read DnsConfig.
[0407/182236:WARNING:dns_config_service_win.cc(665)] Failed to read DnsConfig.
[0407/182237:WARNING:dns_config_service_win.cc(665)] Failed to read DnsConfig.
[0407/182241:WARNING:dns_config_service_win.cc(665)] Failed to read DnsConfig.
[0407/182242:WARNING:dns_config_service_win.cc(665)] Failed to read DnsConfig.
[0407/182246:WARNING:dns_config_service_win.cc(665)] Failed to read DnsConfig.
[0407/182247:WARNING:dns_config_service_win.cc(665)] Failed to read DnsConfig.
[0407/182251:WARNING:dns_config_service_win.cc(665)] Failed to read DnsConfig.
[0407/182252:WARNING:dns_config_service_win.cc(665)] Failed to read DnsConfig.
[0407/182256:WARNING:dns_config_service_win.cc(665)] Failed to read DnsConfig.
[0407/182257:WARNING:dns_config_service_win.cc(665)] Failed to read DnsConfig.
[0407/182301:WARNING:dns_config_service_win.cc(665)] Failed to read DnsConfig.
[0407/182302:WARNING:dns_config_service_win.cc(665)] Failed to read DnsConfig.
[0407/182306:WARNING:dns_config_service_win.cc(665)] Failed to read DnsConfig.
[0407/182307:WARNING:dns_config_service_win.cc(665)] Failed to read DnsConfig.
[0407/182311:WARNING:dns_config_service_win.cc(665)] Failed to read DnsConfig.
[0407/182312:WARNING:dns_config_service_win.cc(665)] Failed to read DnsConfig.
[0407/182316:WARNING:dns_config_service_win.cc(665)] Failed to read DnsConfig.
[0407/182317:WARNING:dns_config_service_win.cc(665)] Failed to read DnsConfig.
[0407/182321:WARNING:dns_config_service_win.cc(665)] Failed to read DnsConfig.
[0407/182322:WARNING:dns_config_service_win.cc(665)] Failed to read DnsConfig.
[0407/182326:WARNING:dns_config_service_win.cc(665)] Failed to read DnsConfig.
[0407/182327:WARNING:dns_config_service_win.cc(665)] Failed to read DnsConfig.
[0407/182331:WARNING:dns_config_service_win.cc(665)] Failed to read DnsConfig.
[0407/182332:WARNING:dns_config_service_win.cc(665)] Failed to read DnsConfig.
[0407/182336:WARNING:dns_config_service_win.cc(665)] Failed to read DnsConfig.
[0407/182337:WARNING:dns_config_service_win.cc(665)] Failed to read DnsConfig.
[0407/182341:WARNING:dns_config_service_win.cc(665)] Failed to read DnsConfig.
[0407/182342:WARNING:dns_config_service_win.cc(665)] Failed to read DnsConfig.
[0407/182346:WARNING:dns_config_service_win.cc(665)] Failed to read DnsConfig.
[0407/182347:WARNING:dns_config_service_win.cc(665)] Failed to read DnsConfig.
[0407/182351:WARNING:dns_config_service_win.cc(665)] Failed to read DnsConfig.
[0407/182352:WARNING:dns_config_service_win.cc(665)] Failed to read DnsConfig.
[0407/182356:WARNING:dns_config_service_win.cc(665)] Failed to read DnsConfig.
[0407/182357:WARNING:dns_config_service_win.cc(665)] Failed to read DnsConfig.
[0407/182401:WARNING:dns_config_service_win.cc(665)] Failed to read DnsConfig.
[0407/182402:WARNING:dns_config_service_win.cc(665)] Failed to read DnsConfig.
[0407/182406:WARNING:dns_config_service_win.cc(665)] Failed to read DnsConfig.
[0407/182407:WARNING:dns_config_service_win.cc(665)] Failed to read DnsConfig.
[0407/182411:WARNING:dns_config_service_win.cc(665)] Failed to read DnsConfig.
[0407/182412:WARNING:dns_config_service_win.cc(665)] Failed to read DnsConfig.
[0407/182416:WARNING:dns_config_service_win.cc(665)] Failed to read DnsConfig.
[0407/182417:WARNING:dns_config_service_win.cc(665)] Failed to read DnsConfig.
[0407/182421:WARNING:dns_config_service_win.cc(665)] Failed to read DnsConfig.
[0407/182422:WARNING:dns_config_service_win.cc(665)] Failed to read DnsConfig.
[0407/182422:WARNING:dns_config_service_win.cc(665)] Failed to read DnsConfig.
[0407/182426:WARNING:dns_config_service_win.cc(665)] Failed to read DnsConfig.
[0407/182427:WARNING:dns_config_service_win.cc(665)] Failed to read DnsConfig.
[0407/182427:WARNING:dns_config_service_win.cc(665)] Failed to read DnsConfig.
[0407/182431:WARNING:dns_config_service_win.cc(665)] Failed to read DnsConfig.
[0407/182432:WARNING:dns_config_service_win.cc(665)] Failed to read DnsConfig.
[0407/182432:WARNING:dns_config_service_win.cc(665)] Failed to read DnsConfig.
[0407/182436:WARNING:dns_config_service_win.cc(665)] Failed to read DnsConfig.
[0407/182437:WARNING:dns_config_service_win.cc(665)] Failed to read DnsConfig.
[0407/182437:WARNING:dns_config_service_win.cc(665)] Failed to read DnsConfig.
[0407/182441:WARNING:dns_config_service_win.cc(665)] Failed to read DnsConfig.
[0407/182442:WARNING:dns_config_service_win.cc(665)] Failed to read DnsConfig.
[0407/182442:WARNING:dns_config_service_win.cc(665)] Failed to read DnsConfig.
[0407/182446:WARNING:dns_config_service_win.cc(665)] Failed to read DnsConfig.
[0407/182447:WARNING:dns_config_service_win.cc(665)] Failed to read DnsConfig.
[0407/182447:WARNING:dns_config_service_win.cc(665)] Failed to read DnsConfig.
[0407/182451:WARNING:dns_config_service_win.cc(665)] Failed to read DnsConfig.
[0407/182452:WARNING:dns_config_service_win.cc(665)] Failed to read DnsConfig.
[0407/182452:WARNING:dns_config_service_win.cc(665)] Failed to read DnsConfig.
[0407/182456:WARNING:dns_config_service_win.cc(665)] Failed to read DnsConfig.
[0407/182457:WARNING:dns_config_service_win.cc(665)] Failed to read DnsConfig.
[0407/182457:WARNING:dns_config_service_win.cc(665)] Failed to read DnsConfig.
[0407/182501:WARNING:dns_config_service_win.cc(665)] Failed to read DnsConfig.
[0407/182502:WARNING:dns_config_service_win.cc(665)] Failed to read DnsConfig.
[0407/182502:WARNING:dns_config_service_win.cc(665)] Failed to read DnsConfig.
[0407/182506:WARNING:dns_config_service_win.cc(665)] Failed to read DnsConfig.
[0407/182507:WARNING:dns_config_service_win.cc(665)] Failed to read DnsConfig.
[0407/182507:WARNING:dns_config_service_win.cc(665)] Failed to read DnsConfig.
[0407/182511:WARNING:dns_config_service_win.cc(665)] Failed to read DnsConfig.
[0407/182512:WARNING:dns_config_service_win.cc(665)] Failed to read DnsConfig.
[0407/182512:WARNING:dns_config_service_win.cc(665)] Failed to read DnsConfig.
[0407/182516:WARNING:dns_config_service_win.cc(665)] Failed to read DnsConfig.
[0407/182517:WARNING:dns_config_service_win.cc(665)] Failed to read DnsConfig.
[0407/182517:WARNING:dns_config_service_win.cc(665)] Failed to read DnsConfig.
[0407/182521:WARNING:dns_config_service_win.cc(665)] Failed to read DnsConfig.
[0407/182522:WARNING:dns_config_service_win.cc(665)] Failed to read DnsConfig.
[0407/182522:WARNING:dns_config_service_win.cc(665)] Failed to read DnsConfig.
[0407/182526:WARNING:dns_config_service_win.cc(665)] Failed to read DnsConfig.
[0407/182527:WARNING:dns_config_service_win.cc(665)] Failed to read DnsConfig.
[0407/182527:WARNING:dns_config_service_win.cc(665)] Failed to read DnsConfig.
[0407/182531:WARNING:dns_config_service_win.cc(665)] Failed to read DnsConfig.
[0407/182532:WARNING:dns_config_service_win.cc(665)] Failed to read DnsConfig.
[0407/182532:WARNING:dns_config_service_win.cc(665)] Failed to read DnsConfig.
[0407/182536:WARNING:dns_config_service_win.cc(665)] Failed to read DnsConfig.
[0407/182537:WARNING:dns_config_service_win.cc(665)] Failed to read DnsConfig.
[0407/182537:WARNING:dns_config_service_win.cc(665)] Failed to read DnsConfig.
[0407/182541:WARNING:dns_config_service_win.cc(665)] Failed to read DnsConfig.
[0407/182542:WARNING:dns_config_service_win.cc(665)] Failed to read DnsConfig.
[0407/182542:WARNING:dns_config_service_win.cc(665)] Failed to read DnsConfig.
[0407/182546:WARNING:dns_config_service_win.cc(665)] Failed to read DnsConfig.
[0407/182547:WARNING:dns_config_service_win.cc(665)] Failed to read DnsConfig.
[0407/182547:WARNING:dns_config_service_win.cc(665)] Failed to read DnsConfig.
[0407/182551:WARNING:dns_config_service_win.cc(665)] Failed to read DnsConfig.
[0407/182552:WARNING:dns_config_service_win.cc(665)] Failed to read DnsConfig.
[0407/182552:WARNING:dns_config_service_win.cc(665)] Failed to read DnsConfig.
[0407/182556:WARNING:dns_config_service_win.cc(665)] Failed to read DnsConfig.
[0407/182557:WARNING:dns_config_service_win.cc(665)] Failed to read DnsConfig.
[0407/182557:WARNING:dns_config_service_win.cc(665)] Failed to read DnsConfig.
[0407/182830:WARNING:dns_config_service_win.cc(665)] Failed to read DnsConfig.
[0407/182835:WARNING:dns_config_service_win.cc(665)] Failed to read DnsConfig.
[0407/182837:WARNING:dns_config_service_win.cc(665)] Failed to read DnsConfig.
[0407/182837:WARNING:dns_config_service_win.cc(665)] Failed to read DnsConfig.
[0407/182840:WARNING:dns_config_service_win.cc(665)] Failed to read DnsConfig.
[0407/182842:WARNING:dns_config_service_win.cc(665)] Failed to read DnsConfig.
[0407/182842:WARNING:dns_config_service_win.cc(665)] Failed to read DnsConfig.
[0407/182845:WARNING:dns_config_service_win.cc(665)] Failed to read DnsConfig.
[0407/182847:WARNING:dns_config_service_win.cc(665)] Failed to read DnsConfig.
[0407/182847:WARNING:dns_config_service_win.cc(665)] Failed to read DnsConfig.
[0407/182850:WARNING:dns_config_service_win.cc(665)] Failed to read DnsConfig.
[0407/182852:WARNING:dns_config_service_win.cc(665)] Failed to read DnsConfig.
[0407/182852:WARNING:dns_config_service_win.cc(665)] Failed to read DnsConfig.
[0407/182855:WARNING:dns_config_service_win.cc(665)] Failed to read DnsConfig.
[0407/182857:WARNING:dns_config_service_win.cc(665)] Failed to read DnsConfig.
[0407/182857:WARNING:dns_config_service_win.cc(665)] Failed to read DnsConfig.
[0407/182900:WARNING:dns_config_service_win.cc(665)] Failed to read DnsConfig.
